SF:lib/src/core/services/ai_service.dart
DA:23,2
DA:25,4
DA:26,4
DA:27,2
DA:38,1
LF:5
LH:5
end_of_record
SF:lib/src/data/datasources/ai_datasource.dart
DA:19,1
DA:24,4
DA:27,0
DA:28,4
DA:29,4
DA:30,2
DA:33,3
DA:34,3
DA:37,1
DA:38,4
DA:44,1
DA:45,1
DA:46,2
DA:47,3
DA:49,1
DA:50,1
DA:51,1
DA:56,1
DA:64,1
DA:66,0
DA:68,0
DA:70,0
DA:73,0
DA:75,0
DA:76,0
DA:82,0
DA:85,0
DA:88,0
DA:89,0
DA:91,0
DA:92,0
DA:95,0
DA:96,0
DA:97,0
DA:98,0
DA:99,0
DA:101,0
DA:102,0
DA:104,0
DA:105,0
DA:107,0
DA:108,0
DA:111,0
DA:112,0
DA:113,0
DA:115,0
DA:116,0
DA:122,0
DA:126,0
DA:127,0
DA:128,0
DA:129,0
DA:133,1
DA:141,1
DA:143,1
DA:145,2
DA:147,4
DA:150,2
DA:152,1
DA:153,1
DA:161,1
DA:165,1
DA:166,1
DA:169,2
DA:170,1
DA:171,1
DA:173,1
DA:175,1
DA:176,1
DA:177,1
DA:179,1
DA:180,4
DA:181,1
DA:182,1
DA:186,0
DA:193,0
DA:194,0
DA:195,0
DA:202,0
DA:205,0
DA:208,0
DA:209,0
DA:210,0
DA:211,0
DA:214,0
DA:215,0
DA:216,0
DA:223,0
DA:226,0
DA:228,0
DA:229,0
DA:230,0
DA:236,0
DA:239,1
DA:242,2
DA:243,3
DA:246,1
DA:247,1
DA:248,1
DA:250,1
DA:261,2
DA:264,1
DA:265,1
DA:267,0
DA:268,0
DA:269,0
DA:270,0
DA:271,0
DA:273,0
DA:276,0
DA:280,1
DA:281,1
DA:282,0
DA:283,0
DA:284,0
DA:288,1
DA:290,2
DA:297,1
DA:299,1
DA:300,2
LF:120
LH:57
end_of_record
SF:lib/src/data/datasources/local/secure_storage_datasource.dart
DA:19,3
DA:33,1
DA:39,1
DA:44,2
DA:47,2
DA:49,1
DA:52,3
DA:56,1
DA:58,2
DA:61,1
DA:62,1
DA:63,1
DA:64,1
DA:65,1
DA:66,1
DA:69,0
DA:75,1
DA:76,2
DA:77,2
DA:81,1
DA:82,1
DA:91,1
DA:96,1
DA:100,2
DA:103,1
DA:104,3
DA:107,2
DA:113,2
DA:115,0
DA:119,3
DA:122,0
DA:128,1
DA:130,2
DA:131,2
DA:132,3
DA:135,1
DA:136,4
DA:137,1
DA:138,1
DA:139,1
DA:140,1
DA:143,0
DA:149,1
DA:150,2
DA:151,2
DA:155,1
DA:156,1
DA:165,1
DA:173,1
DA:175,2
DA:182,2
DA:185,2
DA:187,1
DA:190,3
DA:194,1
DA:196,2
DA:197,1
DA:199,1
DA:200,1
DA:201,2
DA:204,0
DA:205,0
DA:210,1
DA:211,1
DA:212,1
DA:214,1
DA:215,2
DA:217,2
DA:219,1
DA:223,3
DA:227,1
DA:228,1
DA:229,1
DA:237,1
DA:242,1
DA:246,2
DA:249,2
DA:251,1
DA:254,3
DA:258,1
DA:260,2
DA:263,1
DA:265,0
DA:271,1
DA:272,1
DA:273,2
DA:277,1
DA:281,1
DA:289,1
DA:290,2
DA:291,2
DA:295,1
DA:296,1
DA:297,1
DA:301,1
DA:302,1
DA:303,1
DA:311,1
DA:313,2
DA:315,0
DA:321,1
DA:322,2
DA:326,1
DA:327,2
DA:335,1
DA:336,2
DA:337,2
DA:341,1
DA:344,2
DA:345,2
DA:348,3
LF:111
LH:103
end_of_record
SF:lib/src/core/constants/app_constants.dart
DA:127,3
DA:130,3
DA:133,3
DA:136,3
LF:4
LH:4
end_of_record
SF:lib/src/core/services/chat_backup_service.dart
DA:25,1
DA:41,1
DA:47,0
DA:48,0
DA:49,0
DA:50,0
DA:52,0
DA:53,0
DA:55,0
DA:69,1
DA:79,0
DA:80,0
DA:81,0
DA:82,0
DA:84,0
DA:87,0
DA:88,0
DA:89,0
DA:90,0
DA:91,0
DA:105,1
DA:123,0
DA:130,3
DA:143,0
DA:150,0
DA:151,0
DA:153,0
DA:154,0
DA:155,0
DA:161,0
DA:168,0
DA:169,0
DA:170,0
DA:171,0
DA:172,0
DA:173,0
DA:174,0
DA:175,0
DA:177,0
DA:179,0
DA:180,0
DA:183,0
DA:184,0
DA:186,0
DA:189,0
DA:190,0
DA:192,0
DA:194,0
DA:198,0
DA:199,0
DA:204,0
DA:205,0
DA:207,0
DA:208,0
DA:209,0
DA:210,0
DA:211,0
DA:212,0
DA:219,0
DA:220,0
DA:221,0
DA:222,0
DA:223,0
DA:224,0
DA:225,0
DA:226,0
DA:227,0
DA:228,0
DA:230,0
DA:231,0
DA:232,0
DA:237,0
DA:239,0
DA:242,0
DA:247,0
DA:254,0
DA:255,0
DA:256,0
DA:258,0
DA:260,0
DA:263,0
DA:266,0
DA:268,0
DA:269,0
DA:270,0
DA:271,0
DA:273,0
DA:274,0
DA:277,0
DA:279,0
DA:281,0
DA:285,0
DA:292,0
DA:296,0
DA:306,0
DA:307,0
DA:312,0
DA:313,0
DA:314,0
DA:317,0
DA:319,0
DA:321,0
DA:323,0
DA:329,0
DA:330,0
DA:331,0
DA:333,0
DA:335,0
DA:336,0
DA:337,0
DA:339,0
DA:341,0
DA:342,0
DA:343,0
DA:344,0
DA:345,0
DA:346,0
DA:347,0
DA:348,0
DA:349,0
DA:352,0
DA:357,0
DA:362,0
DA:363,0
DA:364,0
DA:366,0
DA:367,0
DA:368,0
DA:374,0
DA:378,0
DA:379,0
DA:380,0
DA:382,0
DA:383,0
DA:384,0
DA:386,0
DA:387,0
DA:388,0
DA:389,0
DA:390,0
DA:392,0
DA:393,0
DA:394,0
DA:399,0
DA:404,0
DA:405,0
DA:412,0
DA:422,0
DA:423,0
DA:424,0
DA:427,0
DA:429,0
DA:432,0
DA:433,0
DA:435,0
DA:436,0
DA:437,0
DA:440,0
DA:445,0
DA:451,0
DA:453,0
DA:454,0
DA:460,0
DA:465,0
DA:469,0
DA:470,0
DA:473,0
DA:474,0
DA:475,0
DA:476,0
DA:478,0
DA:479,0
DA:480,0
DA:484,0
DA:485,0
DA:486,0
DA:487,0
DA:489,0
DA:490,0
DA:491,0
DA:492,0
DA:493,0
DA:495,0
DA:496,0
DA:499,0
DA:500,0
DA:504,0
DA:506,0
DA:507,0
DA:508,0
DA:513,0
DA:514,0
DA:515,0
DA:516,0
DA:517,0
DA:518,0
DA:520,0
DA:524,0
DA:525,0
DA:526,0
DA:527,0
DA:528,0
DA:531,0
DA:532,0
DA:534,0
DA:535,0
DA:536,0
DA:539,0
DA:540,0
DA:541,0
DA:542,0
DA:543,0
DA:548,0
DA:550,0
DA:551,0
DA:552,0
DA:554,0
DA:556,0
DA:557,0
DA:559,0
DA:561,0
DA:562,0
DA:566,0
DA:567,0
DA:568,0
DA:569,0
DA:577,0
DA:579,0
DA:580,0
DA:583,0
DA:585,0
DA:587,0
DA:588,0
DA:589,0
DA:593,0
DA:597,0
DA:598,0
DA:599,0
DA:601,0
DA:602,0
DA:605,0
DA:606,0
DA:609,0
DA:611,0
DA:613,0
DA:615,0
DA:616,0
DA:617,0
DA:618,0
DA:619,0
DA:620,0
DA:621,0
DA:622,0
DA:623,0
DA:624,0
DA:625,0
DA:631,0
DA:632,0
DA:634,0
DA:635,0
DA:636,0
DA:637,0
DA:638,0
DA:639,0
DA:643,0
DA:645,0
DA:647,0
DA:648,0
DA:649,0
DA:650,0
DA:651,0
DA:652,0
DA:653,0
DA:654,0
DA:655,0
DA:656,0
DA:660,0
LF:277
LH:5
end_of_record
SF:lib/src/data/datasources/matrix/matrix_client_manager.dart
DA:21,1
DA:23,3
DA:24,2
DA:32,2
DA:35,0
DA:38,0
DA:41,0
DA:44,0
DA:47,0
DA:50,0
DA:51,0
DA:54,0
DA:55,0
DA:67,0
DA:72,0
DA:73,0
DA:78,0
DA:79,0
DA:81,0
DA:83,0
DA:85,0
DA:86,0
DA:90,0
DA:91,0
DA:94,0
DA:95,0
DA:96,0
DA:98,0
DA:102,0
DA:107,0
DA:108,0
DA:109,0
DA:110,0
DA:112,0
DA:120,0
DA:123,0
DA:126,0
DA:128,0
DA:129,0
DA:131,0
DA:137,0
DA:140,0
DA:142,0
DA:143,0
DA:145,0
DA:152,0
DA:156,0
DA:157,0
DA:164,0
DA:172,0
DA:173,0
DA:178,0
DA:179,0
DA:180,0
DA:182,0
DA:183,0
DA:185,0
DA:187,0
DA:189,0
DA:191,0
DA:193,0
DA:196,0
DA:201,0
DA:208,0
DA:210,0
DA:213,0
DA:216,0
DA:217,0
DA:220,0
DA:236,0
DA:242,0
DA:246,0
DA:247,0
DA:250,0
DA:251,0
DA:252,0
DA:257,0
DA:261,0
DA:263,0
DA:264,0
DA:268,0
DA:275,0
DA:278,0
DA:289,0
DA:295,0
DA:299,0
DA:300,0
DA:305,0
DA:309,0
DA:318,0
DA:320,0
DA:326,0
DA:327,0
DA:330,0
DA:331,0
DA:333,0
DA:347,0
DA:351,0
DA:352,0
DA:356,0
DA:361,0
DA:363,0
DA:364,0
DA:365,0
DA:366,0
DA:367,0
DA:370,0
DA:376,0
DA:377,0
DA:378,0
DA:379,0
DA:388,0
DA:391,0
DA:394,0
DA:395,0
DA:397,0
DA:401,0
DA:402,0
DA:403,0
DA:405,0
DA:410,0
DA:416,0
DA:417,0
DA:419,0
DA:425,0
DA:426,0
DA:429,0
DA:442,0
DA:446,0
DA:447,0
DA:449,0
DA:453,0
DA:454,0
DA:456,0
DA:460,0
DA:461,0
DA:462,0
DA:464,0
DA:465,0
DA:467,0
DA:476,0
DA:477,0
DA:478,0
DA:479,0
DA:481,0
DA:482,0
DA:485,0
DA:486,0
DA:487,0
DA:492,0
DA:493,0
DA:494,0
DA:499,0
DA:500,0
DA:505,0
DA:506,0
DA:508,0
DA:510,0
DA:512,0
DA:515,0
DA:518,0
DA:519,0
DA:520,0
DA:524,0
DA:528,0
DA:533,0
DA:535,0
DA:537,0
DA:538,0
DA:546,0
DA:549,0
DA:552,0
DA:553,0
DA:554,0
DA:556,0
DA:558,0
DA:561,0
DA:562,0
DA:564,0
DA:566,0
DA:567,0
DA:573,0
DA:575,0
DA:577,0
DA:578,0
DA:582,0
DA:584,0
DA:587,0
DA:592,0
DA:594,0
DA:595,0
DA:597,0
DA:598,0
DA:599,0
DA:600,0
DA:602,0
DA:603,0
DA:604,0
DA:611,0
DA:616,0
DA:617,0
DA:619,0
DA:620,0
DA:622,0
DA:623,0
DA:626,0
DA:627,0
DA:634,0
DA:635,0
DA:638,0
DA:639,0
DA:640,0
DA:642,0
DA:643,0
DA:645,0
DA:647,0
DA:650,0
DA:651,0
DA:653,0
DA:655,0
DA:656,0
DA:657,0
DA:659,0
DA:660,0
DA:665,0
DA:668,0
DA:669,0
DA:670,0
DA:675,0
DA:676,0
DA:677,0
DA:678,0
DA:680,0
DA:681,0
DA:684,0
DA:690,0
DA:695,0
DA:697,0
DA:698,0
DA:701,0
DA:703,0
DA:704,0
DA:706,0
DA:708,0
DA:710,0
DA:711,0
DA:713,0
DA:714,0
DA:715,0
DA:717,0
DA:721,0
DA:730,0
DA:731,0
DA:733,0
DA:734,0
DA:735,0
DA:738,0
DA:739,0
DA:746,0
DA:747,0
DA:748,0
DA:755,0
DA:756,0
DA:757,0
LF:264
LH:4
end_of_record
SF:lib/src/core/utils/io_helper_io.dart
DA:4,0
DA:5,0
DA:6,0
DA:7,0
DA:12,0
DA:13,0
DA:17,0
DA:18,0
DA:22,0
DA:23,0
DA:24,0
DA:25,0
DA:30,0
DA:31,0
DA:35,0
DA:36,0
LF:16
LH:0
end_of_record
SF:lib/src/presentation/blocs/backup/backup_bloc.dart
DA:12,2
DA:14,4
DA:15,4
DA:16,4
DA:17,4
DA:18,4
DA:19,4
DA:20,4
DA:23,1
DA:27,3
DA:29,2
DA:30,3
DA:35,3
DA:37,1
DA:42,1
DA:46,3
DA:48,2
DA:49,1
DA:50,1
DA:51,1
DA:52,1
DA:53,0
DA:55,0
DA:58,3
DA:62,3
DA:65,1
DA:67,3
DA:69,1
DA:74,1
DA:79,3
DA:80,1
DA:82,4
DA:86,1
DA:90,3
DA:92,2
DA:93,1
DA:94,1
DA:96,3
DA:101,3
DA:103,1
DA:108,1
DA:112,3
DA:114,2
DA:115,1
DA:116,1
DA:117,1
DA:118,1
DA:119,1
DA:120,0
DA:121,0
DA:125,1
DA:126,3
DA:128,3
DA:131,3
DA:134,3
DA:138,3
DA:140,1
DA:145,1
DA:150,2
DA:151,1
DA:152,1
DA:154,3
DA:156,3
LF:63
LH:59
end_of_record
SF:lib/src/presentation/blocs/backup/backup_event.dart
DA:5,1
DA:7,0
DA:8,0
DA:13,1
DA:23,0
DA:30,1
DA:31,5
DA:38,0
DA:40,1
DA:41,2
DA:49,0
DA:51,1
DA:52,3
DA:63,0
DA:71,0
DA:73,0
DA:81,0
DA:83,0
DA:84,0
LF:19
LH:8
end_of_record
SF:lib/src/presentation/blocs/backup/backup_state.dart
DA:17,4
DA:29,3
DA:33,3
DA:47,3
DA:48,3
DA:49,3
DA:50,3
DA:51,3
DA:52,3
DA:53,2
DA:54,3
DA:55,3
DA:57,3
DA:61,3
DA:62,3
DA:63,3
DA:64,3
DA:65,3
DA:66,3
DA:67,3
DA:68,3
DA:69,3
DA:70,3
DA:71,3
LF:24
LH:24
end_of_record
SF:lib/src/data/datasources/remote/social_auth_api.dart
DA:15,1
DA:19,0
DA:25,1
DA:29,1
DA:40,1
DA:44,1
DA:54,1
DA:57,1
DA:68,1
DA:72,1
DA:82,1
DA:85,1
DA:92,1
DA:98,3
DA:100,1
DA:107,1
DA:110,3
DA:112,2
DA:114,1
DA:115,1
DA:118,2
DA:120,3
DA:121,2
DA:122,1
DA:123,2
DA:124,2
DA:125,2
DA:126,2
DA:127,2
DA:128,2
DA:129,2
DA:130,2
DA:131,2
DA:134,2
DA:135,3
DA:136,1
DA:139,3
DA:140,2
DA:150,1
DA:157,3
DA:159,1
DA:167,2
DA:169,1
DA:170,1
DA:173,2
DA:174,2
DA:176,0
DA:182,1
DA:188,3
DA:190,1
DA:197,2
DA:199,1
DA:200,1
DA:203,2
DA:204,2
DA:206,3
DA:212,1
DA:217,3
DA:219,2
DA:220,2
DA:225,1
DA:228,2
DA:230,3
DA:231,1
DA:233,3
DA:234,1
DA:236,0
DA:238,3
DA:239,1
DA:243,0
DA:244,0
DA:262,1
DA:276,1
DA:287,1
DA:301,1
DA:302,1
DA:309,1
DA:310,1
DA:311,1
DA:312,1
DA:322,1
DA:329,1
DA:330,1
DA:331,1
DA:332,1
DA:333,1
DA:334,1
DA:335,2
LF:88
LH:83
end_of_record
SF:lib/src/data/datasources/local/preferences_datasource.dart
DA:44,1
DA:45,1
DA:46,2
DA:47,2
DA:48,2
DA:49,2
DA:52,2
DA:60,1
DA:66,1
DA:71,2
DA:74,1
DA:75,2
DA:77,2
DA:81,1
DA:83,1
DA:84,1
DA:87,1
DA:88,1
DA:89,1
DA:90,1
DA:91,1
DA:92,1
DA:95,0
DA:101,1
DA:102,1
DA:103,1
DA:105,1
DA:106,1
DA:107,1
DA:112,1
DA:113,1
DA:114,1
DA:122,1
DA:124,1
DA:125,1
DA:126,1
DA:128,1
DA:129,4
DA:131,0
DA:132,0
DA:139,1
DA:140,1
DA:143,1
DA:144,1
DA:145,1
DA:147,1
DA:151,1
DA:152,1
DA:153,1
DA:155,1
DA:157,2
DA:159,3
DA:163,1
DA:164,1
DA:165,2
DA:169,1
DA:170,1
DA:178,1
DA:180,1
DA:181,1
DA:182,1
DA:184,1
DA:185,1
DA:186,3
DA:189,0
DA:190,0
DA:197,1
DA:198,1
DA:201,1
DA:203,1
DA:205,1
DA:209,1
DA:211,1
DA:213,1
DA:215,2
DA:217,3
DA:221,1
DA:222,1
DA:223,2
DA:231,1
DA:232,1
DA:233,1
DA:234,1
DA:235,2
DA:239,1
DA:240,1
DA:241,1
DA:245,1
DA:246,1
DA:247,1
DA:248,1
DA:249,2
DA:252,1
DA:254,1
DA:255,1
DA:256,1
DA:258,1
DA:259,4
DA:261,0
DA:270,1
DA:272,1
DA:273,1
DA:276,1
DA:277,1
DA:280,2
DA:282,0
DA:283,0
DA:290,1
DA:295,1
DA:296,1
DA:297,1
DA:300,1
DA:305,3
DA:307,1
DA:310,1
DA:311,2
DA:312,3
DA:315,1
DA:317,1
DA:319,1
DA:322,2
DA:323,2
DA:326,0
DA:327,0
DA:333,1
DA:335,1
DA:336,1
DA:339,1
DA:340,1
DA:342,1
DA:343,0
DA:345,1
DA:347,1
DA:351,2
DA:352,1
DA:355,0
DA:356,0
DA:366,1
DA:372,1
DA:373,1
DA:374,1
DA:377,1
DA:382,2
DA:383,2
DA:384,1
DA:386,1
DA:388,1
DA:391,2
DA:392,1
DA:395,0
DA:396,0
DA:402,1
DA:406,1
DA:407,1
DA:408,1
DA:410,1
DA:411,1
DA:412,1
DA:414,2
DA:415,2
DA:418,0
DA:419,0
DA:421,0
DA:426,1
DA:430,1
DA:431,1
DA:435,1
DA:440,1
DA:441,1
DA:444,1
DA:445,1
DA:448,2
DA:449,1
DA:452,1
DA:453,0
DA:455,1
DA:458,1
DA:459,0
DA:461,1
DA:463,1
DA:467,2
DA:468,2
DA:471,0
DA:472,0
DA:478,1
DA:480,1
DA:481,1
DA:484,1
DA:485,1
DA:487,1
DA:488,0
DA:490,1
DA:492,1
DA:496,2
DA:497,1
DA:500,0
DA:501,0
DA:518,1
DA:526,1
DA:533,2
DA:536,1
DA:537,2
DA:539,2
DA:543,1
DA:545,1
DA:546,1
DA:549,1
DA:551,0
DA:557,1
DA:558,1
DA:559,1
DA:563,1
DA:564,1
DA:565,1
DA:569,1
DA:570,2
DA:571,1
DA:572,3
DA:574,1
DA:575,2
DA:577,3
DA:593,1
DA:603,1
DA:604,1
DA:605,1
DA:608,1
DA:613,1
DA:614,1
DA:615,1
DA:618,2
DA:621,1
DA:625,2
DA:628,1
DA:630,1
DA:632,1
DA:635,2
DA:636,1
DA:639,0
DA:640,0
DA:646,1
DA:650,1
DA:651,1
DA:652,1
DA:654,1
DA:655,1
DA:656,0
DA:658,1
DA:660,0
DA:661,0
DA:663,0
DA:668,0
DA:670,0
DA:671,0
DA:672,0
DA:674,0
DA:675,0
DA:676,0
DA:678,0
DA:679,0
DA:680,0
DA:681,0
DA:683,0
DA:685,0
DA:686,0
DA:687,0
DA:688,0
DA:690,0
DA:698,0
DA:699,0
DA:701,0
DA:706,1
DA:711,1
DA:712,1
DA:715,1
DA:716,1
DA:717,1
DA:721,4
DA:723,1
DA:724,0
DA:726,1
DA:729,1
DA:730,0
DA:732,1
DA:734,1
DA:738,2
DA:739,1
DA:742,0
DA:743,0
DA:749,1
DA:751,1
DA:752,1
DA:755,1
DA:756,1
DA:758,1
DA:759,1
DA:761,0
DA:763,0
DA:767,2
DA:768,1
DA:771,0
DA:772,0
DA:782,1
DA:786,1
DA:790,1
DA:791,2
DA:795,1
DA:797,1
DA:798,1
DA:800,1
DA:802,0
DA:808,1
DA:809,1
DA:810,2
DA:814,1
DA:816,1
DA:817,1
DA:819,2
DA:821,0
DA:822,0
DA:829,1
DA:830,1
DA:831,2
DA:835,1
DA:837,1
DA:838,1
DA:840,2
DA:842,0
DA:843,0
DA:850,1
DA:851,1
DA:852,2
DA:856,1
DA:858,1
DA:859,1
DA:861,1
DA:863,0
DA:864,0
DA:875,1
DA:877,1
DA:878,1
DA:880,3
DA:882,0
DA:888,1
DA:890,1
DA:891,1
DA:892,1
DA:893,3
DA:894,3
DA:896,0
DA:901,1
DA:903,1
DA:904,1
DA:905,1
DA:906,3
DA:907,3
DA:909,0
DA:914,1
DA:915,1
DA:916,1
DA:924,1
DA:926,1
DA:927,1
DA:930,1
DA:932,2
DA:934,0
DA:935,0
DA:939,1
DA:949,1
DA:950,1
DA:951,3
DA:952,2
DA:953,1
DA:954,1
DA:957,1
DA:961,1
DA:965,1
DA:966,2
DA:967,2
DA:969,0
DA:974,1
DA:976,1
DA:977,1
DA:978,3
DA:980,1
DA:983,1
DA:984,1
DA:986,0
DA:991,1
DA:993,1
DA:994,4
DA:995,1
DA:997,0
DA:1002,1
DA:1004,1
DA:1005,4
DA:1006,2
DA:1007,4
DA:1008,1
DA:1011,0
DA:1012,0
DA:1022,1
DA:1028,1
DA:1029,1
DA:1030,1
DA:1032,1
DA:1035,1
DA:1036,1
DA:1039,2
DA:1040,2
DA:1041,2
DA:1042,2
DA:1046,2
DA:1048,0
DA:1049,0
DA:1055,1
DA:1060,1
DA:1061,1
DA:1064,1
DA:1065,1
DA:1066,1
DA:1068,0
DA:1069,0
DA:1076,1
DA:1078,1
DA:1079,1
DA:1081,1
DA:1083,0
DA:1084,0
DA:1091,1
DA:1096,2
DA:1098,1
DA:1101,1
DA:1103,3
DA:1105,1
DA:1106,1
DA:1108,1
DA:1111,0
DA:1112,0
DA:1122,1
DA:1126,1
DA:1127,2
DA:1131,1
DA:1132,1
DA:1133,2
DA:1137,1
DA:1138,1
DA:1139,1
DA:1143,1
DA:1144,1
DA:1145,1
DA:1153,1
DA:1154,1
DA:1155,2
DA:1159,1
DA:1160,1
DA:1161,1
DA:1162,1
DA:1170,1
DA:1173,1
DA:1174,1
DA:1176,1
DA:1181,1
DA:1182,1
DA:1183,1
DA:1184,2
DA:1187,1
DA:1190,0
DA:1191,0
DA:1192,0
DA:1193,0
DA:1194,0
DA:1196,0
DA:1208,1
DA:1209,1
DA:1210,1
DA:1214,1
DA:1215,1
DA:1216,1
DA:1220,1
DA:1221,1
DA:1222,1
DA:1226,1
DA:1227,1
DA:1228,1
DA:1236,1
DA:1238,1
DA:1239,1
DA:1241,1
DA:1242,1
DA:1244,1
DA:1247,0
DA:1252,1
DA:1254,1
DA:1255,2
DA:1257,0
DA:1267,1
DA:1269,1
DA:1270,1
DA:1272,0
DA:1278,1
DA:1279,1
DA:1280,1
DA:1284,1
DA:1285,1
DA:1286,1
DA:1294,1
DA:1297,1
DA:1298,2
DA:1302,1
DA:1304,1
DA:1305,1
DA:1306,1
DA:1307,1
DA:1308,1
DA:1310,0
DA:1311,0
LF:516
LH:420
end_of_record
SF:lib/src/core/theme/chat_background_presets.dart
DA:29,1
DA:30,1
DA:32,1
DA:33,2
DA:34,3
DA:35,2
DA:37,1
DA:38,2
DA:39,3
DA:40,1
DA:41,1
DA:44,1
LF:12
LH:12
end_of_record
SF:lib/src/core/utils/username_validator.dart
DA:6,6
DA:44,2
DA:45,2
DA:46,2
DA:49,4
DA:50,2
DA:53,4
DA:54,2
DA:57,4
DA:58,2
DA:61,4
DA:62,2
DA:67,2
DA:68,2
DA:71,2
DA:75,2
DA:76,4
DA:86,2
DA:92,2
DA:95,2
DA:96,2
DA:98,2
DA:99,2
LF:23
LH:23
end_of_record
SF:lib/src/core/extensions/string_extension.dart
DA:6,3
DA:9,2
DA:12,1
DA:13,1
DA:14,4
DA:18,1
DA:19,1
DA:20,5
DA:24,1
DA:25,1
DA:26,1
DA:30,1
DA:31,1
DA:34,1
DA:38,2
DA:41,2
DA:44,2
DA:47,2
DA:50,2
DA:53,1
DA:54,1
DA:58,0
DA:61,0
DA:64,0
DA:67,0
DA:70,1
DA:71,2
DA:75,1
DA:76,2
DA:80,1
DA:81,2
DA:86,1
DA:87,1
DA:88,2
DA:89,2
DA:97,0
DA:98,0
DA:105,2
DA:108,2
DA:111,2
DA:114,2
DA:117,1
DA:118,1
LF:43
LH:37
end_of_record
SF:lib/src/core/utils/string_utils.dart
DA:8,3
DA:9,3
DA:10,3
DA:11,3
DA:12,3
DA:13,3
DA:15,1
DA:23,2
DA:24,2
DA:25,2
DA:26,8
DA:27,4
DA:35,2
DA:36,4
DA:37,4
DA:38,2
DA:44,3
DA:45,6
DA:46,12
DA:50,2
DA:51,2
DA:54,2
DA:58,2
DA:59,2
DA:61,6
DA:62,4
DA:64,8
DA:69,6
DA:70,2
DA:71,8
DA:72,2
DA:78,2
DA:79,4
DA:83,2
DA:84,4
DA:88,2
DA:89,4
DA:95,2
DA:97,4
DA:98,2
DA:99,2
DA:103,2
DA:104,2
DA:105,2
DA:106,4
DA:107,6
DA:108,6
DA:109,8
DA:111,10
DA:116,2
DA:117,2
DA:121,10
DA:125,2
DA:127,2
DA:128,2
DA:139,8
DA:145,2
DA:146,2
DA:147,4
DA:150,2
DA:151,2
DA:152,2
DA:155,2
DA:157,2
DA:158,2
DA:159,6
DA:161,4
DA:162,6
DA:165,4
DA:166,2
DA:169,4
DA:170,6
DA:182,2
LF:73
LH:73
end_of_record
SF:lib/src/presentation/blocs/bloc_message_keys.dart
DA:7,0
LF:1
LH:0
end_of_record
SF:lib/src/n42_chat_config.dart
DA:188,2
DA:222,2
DA:254,2
DA:255,1
DA:256,1
DA:258,2
DA:259,2
DA:260,2
DA:261,2
DA:262,2
DA:263,2
DA:264,2
DA:265,2
DA:266,2
DA:267,2
DA:268,2
DA:269,2
DA:270,2
DA:271,2
DA:272,2
DA:273,2
DA:274,2
DA:275,2
DA:276,2
DA:277,2
DA:278,2
DA:279,2
DA:280,2
DA:281,2
DA:282,2
DA:283,2
DA:284,2
DA:285,2
DA:314,2
DA:337,2
LF:35
LH:35
end_of_record
SF:lib/src/core/theme/app_colors.dart
DA:240,1
DA:241,1
DA:242,6
DA:243,1
LF:4
LH:4
end_of_record
SF:lib/src/core/theme/app_text_styles.dart
DA:250,0
DA:253,0
DA:256,0
DA:259,0
DA:262,0
DA:265,0
DA:268,0
LF:7
LH:0
end_of_record
SF:lib/src/core/theme/n42_chat_theme.dart
DA:128,2
DA:160,1
DA:180,1
DA:200,0
DA:201,0
DA:202,0
DA:203,0
DA:204,0
DA:205,0
DA:206,0
DA:207,0
DA:208,0
DA:209,0
DA:211,0
DA:213,0
DA:215,0
DA:216,0
DA:220,0
DA:221,0
DA:227,1
DA:228,1
DA:230,1
DA:231,1
DA:232,1
DA:233,1
DA:234,1
DA:235,1
DA:236,1
DA:237,1
DA:239,1
DA:243,1
DA:244,1
DA:246,1
DA:247,1
DA:248,1
DA:251,1
DA:253,1
DA:254,1
DA:255,1
DA:256,1
DA:260,1
DA:261,1
DA:262,1
DA:264,1
DA:265,1
DA:267,1
DA:268,1
DA:270,2
DA:271,2
DA:272,2
DA:275,1
DA:276,1
DA:277,1
DA:279,1
DA:280,2
DA:285,1
DA:287,1
DA:288,1
DA:289,1
DA:292,1
DA:293,1
DA:296,1
DA:297,1
DA:298,2
DA:305,1
DA:308,1
DA:310,1
DA:311,1
DA:317,1
DA:319,1
DA:320,1
DA:331,0
DA:361,0
DA:362,0
DA:363,0
DA:364,0
DA:365,0
DA:366,0
DA:367,0
DA:368,0
DA:369,0
DA:370,0
DA:372,0
DA:374,0
DA:375,0
DA:377,0
DA:378,0
DA:379,0
DA:380,0
DA:381,0
DA:382,0
DA:383,0
DA:384,0
DA:385,0
DA:386,0
DA:387,0
DA:388,0
DA:389,0
DA:390,0
DA:391,0
DA:392,0
LF:101
LH:55
end_of_record
SF:lib/src/integration/wallet_bridge.dart
DA:76,1
DA:79,1
DA:82,1
DA:85,1
DA:86,2
DA:87,2
DA:89,1
DA:90,1
DA:98,1
DA:102,1
DA:105,1
DA:112,1
DA:117,1
DA:134,3
DA:142,4
DA:148,4
DA:155,2
DA:188,3
DA:200,2
DA:201,2
DA:202,6
DA:206,8
DA:229,2
DA:253,1
DA:261,2
DA:262,6
DA:263,2
DA:266,6
DA:267,16
DA:269,2
DA:275,2
DA:278,2
DA:281,1
DA:299,1
DA:301,1
DA:304,1
DA:311,1
DA:312,3
DA:315,1
DA:321,1
DA:322,3
DA:325,1
DA:327,2
DA:328,1
DA:329,2
DA:333,0
DA:338,2
DA:340,6
DA:343,1
LF:49
LH:48
end_of_record
SF:lib/src/services/voip/voip_config.dart
DA:12,9
DA:13,6
DA:14,3
DA:99,4
DA:100,2
DA:101,2
DA:102,2
DA:103,2
DA:104,2
DA:108,2
DA:109,4
DA:110,4
DA:111,4
DA:112,4
DA:113,4
DA:114,12
DA:136,4
DA:137,2
DA:138,2
DA:139,2
DA:143,2
DA:144,4
DA:145,4
DA:146,4
DA:147,10
DA:173,2
DA:174,1
DA:175,1
DA:176,1
DA:177,1
DA:178,1
DA:179,1
DA:183,1
DA:184,2
DA:185,2
DA:186,2
DA:187,2
DA:188,2
DA:189,2
DA:190,5
DA:219,2
DA:220,2
DA:223,8
DA:224,4
DA:225,4
DA:227,2
DA:228,2
DA:234,2
DA:240,2
DA:241,2
DA:242,6
DA:244,4
DA:245,4
DA:246,2
DA:247,4
DA:249,10
DA:253,2
DA:258,2
DA:259,2
DA:260,2
DA:261,6
DA:265,6
DA:268,8
DA:271,2
DA:272,4
DA:273,2
DA:274,2
DA:275,2
DA:276,2
DA:277,2
DA:280,0
DA:282,0
DA:283,0
DA:284,0
DA:285,0
DA:306,3
DA:307,3
DA:308,6
DA:309,6
DA:333,2
DA:363,2
DA:364,2
DA:365,2
DA:366,2
DA:367,2
DA:371,2
DA:378,2
DA:379,1
DA:380,2
DA:381,2
DA:382,2
DA:383,1
DA:387,1
DA:389,6
DA:424,2
DA:453,2
DA:454,2
DA:461,2
DA:462,2
DA:469,6
DA:472,6
DA:475,6
DA:477,2
DA:483,2
DA:484,2
DA:485,1
DA:486,2
DA:487,2
DA:491,1
DA:493,4
DA:519,2
DA:549,2
DA:557,2
DA:558,2
DA:559,1
DA:560,2
DA:561,2
DA:562,1
DA:563,2
DA:567,1
DA:569,5
LF:121
LH:116
end_of_record
SF:lib/src/integration/bridge/bridge_state.dart
DA:53,2
DA:66,6
DA:69,2
DA:70,4
DA:71,4
DA:74,6
DA:77,2
DA:78,6
DA:81,4
DA:87,2
DA:97,2
DA:98,2
DA:99,1
DA:100,2
DA:101,2
DA:103,2
DA:104,2
DA:106,2
DA:107,1
DA:109,2
DA:110,2
DA:112,2
DA:113,2
DA:116,2
DA:117,2
DA:123,1
DA:125,5
DA:136,2
DA:139,2
DA:140,6
DA:141,8
DA:150,2
DA:151,2
DA:152,4
DA:153,2
DA:154,4
DA:155,2
DA:156,2
DA:157,2
DA:158,2
DA:178,1
LF:41
LH:41
end_of_record
SF:lib/src/integration/bridge/bridge_platform.dart
DA:66,1
DA:83,3
DA:112,0
DA:282,1
DA:283,1
DA:287,1
DA:288,2
DA:291,1
DA:292,5
DA:295,1
DA:296,1
DA:297,2
DA:298,4
DA:304,1
DA:305,2
DA:306,2
LF:16
LH:15
end_of_record
SF:lib/src/core/utils/platform_utils.dart
DA:9,0
DA:12,1
DA:15,1
DA:17,2
DA:21,1
DA:23,1
DA:27,1
DA:29,1
DA:33,1
DA:35,1
DA:39,0
DA:41,0
DA:45,0
DA:47,0
DA:51,0
DA:53,0
DA:57,1
DA:59,1
DA:60,1
DA:61,1
DA:62,0
DA:63,0
DA:68,1
DA:70,1
DA:71,1
DA:72,1
DA:73,0
DA:74,0
DA:79,2
DA:82,2
DA:85,0
DA:88,0
DA:91,2
DA:94,2
DA:97,2
DA:100,0
DA:103,1
DA:106,2
DA:109,2
LF:39
LH:25
end_of_record
SF:lib/src/core/utils/date_utils.dart
DA:20,1
DA:38,1
DA:40,5
DA:41,3
DA:44,0
DA:47,2
DA:48,2
DA:49,2
DA:50,2
DA:51,2
DA:52,2
DA:53,2
DA:54,2
DA:74,2
DA:75,2
DA:76,2
DA:77,2
DA:78,2
DA:79,2
DA:80,2
DA:81,2
DA:84,1
DA:85,1
DA:89,1
DA:100,0
DA:103,0
DA:114,1
DA:116,0
DA:118,1
DA:119,4
DA:120,1
DA:121,4
DA:123,1
DA:125,2
DA:126,1
DA:128,1
DA:129,3
DA:130,0
DA:132,0
DA:133,3
DA:135,4
DA:138,5
DA:145,1
DA:146,0
DA:147,1
DA:148,4
DA:149,1
DA:150,4
DA:153,1
DA:155,1
DA:156,2
DA:157,3
DA:158,0
DA:159,0
DA:160,3
DA:161,0
DA:163,6
DA:166,3
DA:170,1
DA:171,0
DA:172,8
DA:183,1
DA:184,0
DA:185,1
DA:186,1
DA:188,2
DA:189,1
DA:190,2
DA:191,3
DA:192,2
DA:193,3
DA:194,2
DA:195,1
DA:196,2
DA:197,3
DA:199,0
DA:206,1
DA:207,1
DA:208,1
DA:209,1
DA:211,1
DA:212,1
DA:213,1
DA:214,1
DA:216,1
DA:221,1
DA:222,0
DA:223,1
DA:225,1
DA:226,1
DA:228,2
DA:229,1
DA:230,2
DA:231,3
DA:232,2
DA:233,3
DA:234,2
DA:235,3
DA:237,1
DA:244,1
DA:246,3
DA:250,1
DA:251,9
LF:103
LH:89
end_of_record
SF:lib/src/core/utils/responsive_utils.dart
DA:7,0
DA:22,1
DA:23,4
DA:27,0
DA:28,0
DA:29,0
DA:33,0
DA:34,0
DA:38,0
DA:39,0
DA:43,1
DA:44,3
DA:45,1
DA:46,1
DA:47,1
DA:52,1
DA:53,1
DA:55,1
DA:57,1
DA:59,1
DA:61,1
DA:67,1
DA:68,1
DA:70,1
DA:72,1
DA:74,1
DA:76,1
DA:82,1
DA:83,1
DA:85,1
DA:86,0
DA:87,1
DA:89,1
DA:90,1
DA:96,0
DA:97,0
DA:101,0
DA:102,0
DA:106,1
DA:107,1
DA:109,1
DA:111,1
DA:113,1
DA:115,1
DA:142,1
DA:149,1
DA:151,1
DA:154,1
DA:155,1
DA:156,1
DA:157,2
DA:158,1
DA:159,1
DA:160,2
DA:173,1
DA:180,1
DA:182,2
DA:183,3
DA:185,1
DA:186,1
DA:187,1
DA:188,1
DA:190,1
DA:216,1
DA:225,1
DA:227,1
DA:229,2
DA:233,2
DA:235,1
DA:236,1
DA:237,1
DA:239,1
DA:241,1
DA:242,1
DA:243,1
DA:244,2
DA:252,1
DA:254,1
LF:78
LH:65
end_of_record
SF:lib/src/core/utils/matrix_utils.dart
DA:9,0
DA:18,0
DA:26,0
DA:31,0
DA:36,0
DA:37,0
DA:43,0
DA:44,0
DA:45,0
DA:47,0
DA:48,0
DA:52,0
DA:53,0
DA:54,0
DA:62,0
DA:64,0
DA:67,0
DA:72,0
DA:80,0
DA:90,0
DA:91,0
DA:92,0
DA:96,0
DA:100,0
DA:110,0
DA:115,0
DA:118,0
DA:122,0
DA:128,0
DA:139,0
DA:143,0
DA:149,1
DA:150,1
DA:153,1
DA:154,2
DA:155,1
DA:157,1
DA:163,1
DA:164,1
DA:167,3
DA:171,1
DA:172,1
DA:173,1
DA:175,3
DA:176,2
DA:177,4
DA:180,3
DA:181,1
DA:182,4
DA:183,1
DA:187,1
DA:188,1
DA:189,2
DA:190,5
DA:191,3
DA:192,4
DA:194,5
DA:198,1
DA:199,1
DA:200,2
DA:201,1
DA:202,1
DA:203,3
DA:207,1
DA:208,2
DA:209,1
DA:210,1
DA:211,2
DA:212,1
DA:216,1
DA:217,3
DA:220,1
DA:221,1
DA:223,1
DA:225,1
DA:227,1
DA:229,1
DA:230,1
DA:232,1
DA:234,1
DA:237,1
DA:238,1
DA:240,1
DA:242,1
DA:243,1
DA:245,1
DA:247,1
DA:250,1
DA:252,1
DA:254,1
DA:256,1
DA:259,1
DA:261,1
DA:263,1
DA:265,1
DA:267,1
DA:269,1
DA:271,1
DA:273,1
DA:275,1
DA:277,1
DA:279,1
DA:281,1
DA:283,1
DA:291,1
DA:293,1
DA:294,1
DA:295,1
DA:300,1
DA:301,1
DA:303,3
DA:304,3
DA:305,1
DA:312,0
DA:313,0
DA:314,0
LF:116
LH:82
end_of_record
SF:lib/src/data/repositories/ai_repository_impl.dart
DA:18,1
DA:24,0
DA:25,0
DA:27,1
DA:28,2
DA:30,1
DA:33,2
DA:35,2
DA:37,1
DA:39,3
DA:40,1
DA:42,4
DA:43,2
DA:47,0
DA:48,0
DA:52,1
DA:54,1
DA:55,1
DA:56,3
DA:57,0
DA:61,1
DA:64,1
DA:65,5
DA:66,1
DA:67,1
DA:69,1
DA:71,5
DA:72,2
DA:74,0
DA:78,1
DA:80,1
DA:82,1
DA:83,4
DA:84,5
DA:85,2
DA:87,1
DA:89,0
DA:93,1
DA:96,3
DA:97,1
DA:98,1
DA:100,3
DA:101,1
DA:103,0
DA:104,0
DA:108,1
DA:111,1
DA:112,1
DA:115,2
DA:116,3
DA:119,5
DA:120,3
DA:122,0
DA:126,1
DA:129,3
DA:131,0
LF:56
LH:45
end_of_record
SF:lib/src/domain/entities/ai_assistant_entity.dart
DA:37,5
DA:51,9
DA:63,3
DA:66,2
DA:78,2
DA:79,2
DA:80,0
DA:81,2
DA:82,2
DA:83,2
DA:84,2
DA:85,2
DA:86,2
DA:87,2
DA:88,2
DA:92,4
DA:93,2
DA:94,2
DA:95,2
DA:96,2
DA:97,2
DA:98,2
DA:99,2
DA:100,2
DA:101,2
DA:102,4
DA:105,2
DA:106,2
DA:107,2
DA:108,2
DA:109,2
DA:110,2
DA:111,2
DA:112,2
DA:113,4
DA:114,2
DA:115,2
DA:116,2
DA:117,5
DA:118,1
DA:122,3
DA:123,3
DA:124,15
DA:125,15
DA:137,4
DA:145,3
DA:146,3
DA:148,1
DA:155,1
DA:156,1
DA:157,1
DA:158,0
DA:159,1
DA:160,0
DA:164,4
DA:165,2
DA:166,2
DA:167,2
DA:168,4
DA:173,2
DA:174,2
DA:175,2
DA:176,2
DA:178,2
DA:179,2
DA:181,2
DA:182,5
DA:186,1
DA:187,6
LF:69
LH:66
end_of_record
SF:lib/src/domain/entities/user_entity.dart
DA:46,2
DA:63,1
DA:64,2
DA:65,2
DA:66,1
DA:67,2
DA:69,2
DA:71,1
DA:75,1
DA:76,2
DA:77,5
DA:78,3
DA:84,1
DA:85,4
DA:89,1
DA:90,1
DA:91,1
DA:93,3
DA:94,2
DA:95,4
DA:99,3
DA:100,1
DA:101,4
DA:102,1
DA:105,1
DA:106,1
DA:107,1
DA:108,1
DA:109,1
DA:110,1
DA:111,1
DA:112,1
DA:113,1
DA:114,1
DA:115,1
DA:116,1
DA:117,1
DA:118,1
DA:119,1
DA:122,2
DA:137,2
DA:138,2
DA:139,1
DA:140,1
DA:141,2
DA:142,2
DA:143,2
DA:144,2
DA:145,2
DA:146,2
DA:147,2
DA:148,2
DA:149,2
DA:150,2
LF:54
LH:54
end_of_record
SF:lib/src/domain/repositories/auth_repository.dart
DA:212,3
DA:220,6
DA:226,3
DA:230,3
DA:237,2
DA:243,0
DA:244,0
DA:245,0
DA:246,0
DA:295,1
DA:303,1
DA:304,2
DA:307,3
DA:309,0
DA:311,0
LF:15
LH:9
end_of_record
SF:lib/src/data/datasources/matrix/matrix_message_datasource.dart
DA:19,0
DA:22,0
DA:29,0
DA:30,0
DA:33,0
DA:37,0
DA:42,0
DA:43,0
DA:45,0
DA:49,0
DA:53,0
DA:54,0
DA:55,0
DA:56,0
DA:60,0
DA:64,0
DA:67,0
DA:70,0
DA:78,0
DA:79,0
DA:82,0
DA:90,0
DA:92,0
DA:94,0
DA:95,0
DA:99,0
DA:101,0
DA:104,0
DA:109,0
DA:112,0
DA:113,0
DA:115,0
DA:116,0
DA:117,0
DA:118,0
DA:120,0
DA:121,0
DA:122,0
DA:132,0
DA:137,0
DA:139,0
DA:141,0
DA:142,0
DA:144,0
DA:145,0
DA:148,0
DA:149,0
DA:156,0
DA:157,0
DA:160,0
DA:161,0
DA:162,0
DA:164,0
DA:165,0
DA:167,0
DA:169,0
DA:172,0
DA:173,0
DA:175,0
DA:177,0
DA:178,0
DA:179,0
DA:181,0
DA:182,0
DA:187,0
DA:190,0
DA:191,0
DA:192,0
DA:196,0
DA:197,0
DA:200,0
DA:203,0
DA:209,0
DA:210,0
DA:211,0
DA:212,0
DA:214,0
DA:217,0
DA:220,0
DA:222,0
DA:226,0
DA:228,0
DA:231,0
DA:238,0
DA:243,0
DA:246,0
DA:247,0
DA:250,0
DA:253,0
DA:254,0
DA:256,0
DA:258,0
DA:260,0
DA:261,0
DA:263,0
DA:265,0
DA:266,0
DA:267,0
DA:269,0
DA:270,0
DA:274,0
DA:277,0
DA:278,0
DA:279,0
DA:282,0
DA:285,0
DA:286,0
DA:287,0
DA:290,0
DA:301,0
DA:308,0
DA:312,0
DA:318,0
DA:319,0
DA:320,0
DA:321,0
DA:322,0
DA:327,0
DA:328,0
DA:334,0
DA:335,0
DA:338,0
DA:344,0
DA:351,0
DA:352,0
DA:355,0
DA:356,0
DA:359,0
DA:361,0
DA:366,0
DA:367,0
DA:369,0
DA:371,0
DA:373,0
DA:377,0
DA:380,0
DA:384,0
DA:389,0
DA:391,0
DA:393,0
DA:394,0
DA:402,0
DA:405,0
DA:408,0
DA:411,0
DA:412,0
DA:414,0
DA:419,0
DA:420,0
DA:425,0
DA:426,0
DA:427,0
DA:430,0
DA:431,0
DA:439,0
DA:446,0
DA:447,0
DA:448,0
DA:449,0
DA:450,0
DA:453,0
DA:454,0
DA:457,0
DA:458,0
DA:461,0
DA:463,0
DA:468,0
DA:469,0
DA:471,0
DA:473,0
DA:475,0
DA:477,0
DA:479,0
DA:483,0
DA:486,0
DA:488,0
DA:495,0
DA:497,0
DA:499,0
DA:501,0
DA:507,0
DA:508,0
DA:511,0
DA:512,0
DA:513,0
DA:517,0
DA:524,0
DA:527,0
DA:530,0
DA:531,0
DA:533,0
DA:536,0
DA:537,0
DA:542,0
DA:543,0
DA:546,0
DA:547,0
DA:548,0
DA:556,0
DA:564,0
DA:565,0
DA:566,0
DA:567,0
DA:570,0
DA:571,0
DA:573,0
DA:574,0
DA:577,0
DA:579,0
DA:585,0
DA:588,0
DA:595,0
DA:600,0
DA:601,0
DA:603,0
DA:608,0
DA:611,0
DA:612,0
DA:614,0
DA:619,0
DA:620,0
DA:628,0
DA:629,0
DA:634,0
DA:635,0
DA:638,0
DA:639,0
DA:640,0
DA:648,0
DA:654,0
DA:655,0
DA:656,0
DA:657,0
DA:660,0
DA:661,0
DA:663,0
DA:664,0
DA:667,0
DA:669,0
DA:675,0
DA:677,0
DA:683,0
DA:685,0
DA:686,0
DA:689,0
DA:690,0
DA:691,0
DA:695,0
DA:702,0
DA:705,0
DA:709,0
DA:710,0
DA:712,0
DA:716,0
DA:717,0
DA:720,0
DA:721,0
DA:722,0
DA:731,0
DA:737,0
DA:738,0
DA:739,0
DA:740,0
DA:741,0
DA:745,0
DA:746,0
DA:747,0
DA:751,0
DA:752,0
DA:753,0
DA:757,0
DA:759,0
DA:760,0
DA:762,0
DA:765,0
DA:766,0
DA:767,0
DA:771,0
DA:773,0
DA:776,0
DA:781,0
DA:786,0
DA:787,0
DA:789,0
DA:790,0
DA:792,0
DA:793,0
DA:796,0
DA:799,0
DA:800,0
DA:801,0
DA:802,0
DA:810,0
DA:818,0
DA:819,0
DA:820,0
DA:823,0
DA:824,0
DA:825,0
DA:828,0
DA:829,0
DA:830,0
DA:833,0
DA:835,0
DA:836,0
DA:841,0
DA:844,0
DA:845,0
DA:847,0
DA:853,0
DA:859,0
DA:860,0
DA:862,0
DA:863,0
DA:865,0
DA:868,0
DA:869,0
DA:870,0
DA:878,0
DA:891,0
DA:892,0
DA:893,0
DA:894,0
DA:895,0
DA:898,0
DA:899,0
DA:900,0
DA:903,0
DA:904,0
DA:905,0
DA:908,0
DA:910,0
DA:911,0
DA:915,0
DA:916,0
DA:917,0
DA:918,0
DA:922,0
DA:925,0
DA:926,0
DA:927,0
DA:929,0
DA:934,0
DA:941,0
DA:942,0
DA:944,0
DA:945,0
DA:947,0
DA:950,0
DA:951,0
DA:952,0
DA:958,0
DA:963,0
DA:965,0
DA:968,0
DA:973,0
DA:974,0
DA:977,0
DA:982,0
DA:994,0
DA:995,0
DA:999,0
DA:1007,0
DA:1008,0
DA:1012,0
DA:1015,0
DA:1020,0
DA:1022,0
DA:1026,0
DA:1029,0
DA:1030,0
DA:1031,0
DA:1034,0
DA:1037,0
DA:1038,0
DA:1041,0
DA:1047,0
DA:1048,0
DA:1049,0
DA:1051,0
DA:1054,0
DA:1060,0
DA:1063,0
DA:1064,0
DA:1067,0
DA:1073,0
DA:1079,0
DA:1084,0
DA:1087,0
DA:1090,0
DA:1097,0
DA:1102,0
DA:1105,0
DA:1108,0
DA:1115,0
DA:1120,0
DA:1124,0
DA:1136,0
DA:1137,0
DA:1141,0
DA:1142,0
DA:1147,0
DA:1149,0
DA:1155,0
DA:1156,0
DA:1159,0
DA:1163,0
DA:1167,0
DA:1169,0
DA:1175,0
DA:1179,0
DA:1182,0
DA:1185,0
DA:1186,0
DA:1188,0
DA:1189,0
DA:1193,0
DA:1197,0
DA:1205,0
DA:1209,0
DA:1211,0
DA:1219,0
DA:1221,0
DA:1222,0
DA:1223,0
DA:1227,0
DA:1230,0
DA:1238,0
DA:1242,0
DA:1244,0
DA:1249,0
DA:1252,0
DA:1253,0
DA:1255,0
DA:1257,0
DA:1268,0
DA:1274,0
DA:1276,0
DA:1282,0
DA:1283,0
DA:1284,0
DA:1286,0
DA:1287,0
DA:1291,0
DA:1294,0
DA:1295,0
DA:1296,0
DA:1299,0
DA:1302,0
DA:1305,0
DA:1308,0
DA:1313,0
DA:1316,0
DA:1324,0
DA:1333,0
DA:1335,0
DA:1341,0
DA:1342,0
DA:1343,0
DA:1344,0
DA:1346,0
DA:1351,0
DA:1352,0
DA:1353,0
DA:1354,0
DA:1355,0
DA:1356,0
DA:1357,0
DA:1358,0
DA:1360,0
DA:1361,0
DA:1362,0
DA:1366,0
DA:1367,0
DA:1368,0
DA:1372,0
DA:1376,0
DA:1377,0
DA:1381,0
DA:1384,0
DA:1389,0
DA:1392,0
DA:1400,0
DA:1405,0
DA:1407,0
DA:1413,0
DA:1414,0
DA:1418,0
DA:1423,0
DA:1428,0
DA:1431,0
DA:1437,0
DA:1438,0
DA:1442,0
DA:1443,0
DA:1447,0
DA:1451,0
DA:1458,0
DA:1466,0
DA:1468,0
DA:1472,0
DA:1474,0
DA:1477,0
DA:1478,0
DA:1480,0
DA:1482,0
DA:1483,0
DA:1484,0
DA:1485,0
DA:1486,0
DA:1487,0
DA:1488,0
DA:1489,0
DA:1492,0
DA:1493,0
DA:1495,0
DA:1499,0
DA:1500,0
DA:1501,0
DA:1502,0
DA:1510,0
DA:1515,0
DA:1523,0
DA:1525,0
DA:1529,0
DA:1531,0
DA:1535,0
DA:1538,0
DA:1540,0
DA:1541,0
DA:1542,0
DA:1543,0
DA:1544,0
DA:1545,0
DA:1549,0
DA:1550,0
DA:1552,0
DA:1553,0
DA:1556,0
DA:1564,0
DA:1565,0
DA:1567,0
DA:1568,0
DA:1569,0
DA:1570,0
DA:1571,0
DA:1574,0
DA:1576,0
DA:1577,0
DA:1578,0
DA:1579,0
DA:1584,0
DA:1585,0
DA:1586,0
DA:1587,0
DA:1596,0
DA:1597,0
DA:1598,0
DA:1599,0
DA:1600,0
DA:1601,0
DA:1603,0
DA:1605,0
DA:1612,0
DA:1623,0
DA:1624,0
DA:1625,0
DA:1630,0
DA:1631,0
DA:1632,0
DA:1633,0
DA:1634,0
DA:1635,0
DA:1636,0
DA:1637,0
DA:1638,0
DA:1640,0
DA:1641,0
DA:1642,0
DA:1643,0
DA:1645,0
DA:1648,0
DA:1650,0
DA:1653,0
DA:1662,0
DA:1669,0
DA:1670,0
DA:1671,0
DA:1672,0
DA:1673,0
DA:1674,0
DA:1676,0
DA:1677,0
DA:1678,0
DA:1679,0
DA:1680,0
DA:1681,0
DA:1687,0
DA:1688,0
DA:1691,0
DA:1694,0
DA:1695,0
DA:1702,0
DA:1703,0
DA:1706,0
DA:1707,0
DA:1708,0
DA:1709,0
DA:1710,0
DA:1713,0
DA:1717,0
DA:1718,0
DA:1719,0
DA:1720,0
DA:1721,0
DA:1722,0
DA:1723,0
DA:1724,0
DA:1725,0
DA:1726,0
DA:1728,0
DA:1731,0
DA:1732,0
DA:1733,0
DA:1734,0
DA:1735,0
DA:1738,0
DA:1739,0
DA:1740,0
DA:1741,0
DA:1742,0
DA:1743,0
DA:1744,0
DA:1745,0
DA:1746,0
DA:1747,0
DA:1748,0
DA:1752,0
DA:1753,0
DA:1754,0
DA:1755,0
DA:1756,0
DA:1762,0
DA:1763,0
DA:1768,0
DA:1770,0
DA:1771,0
DA:1774,0
DA:1775,0
DA:1776,0
DA:1777,0
DA:1778,0
DA:1779,0
DA:1781,0
DA:1783,0
DA:1790,0
DA:1792,0
DA:1794,0
DA:1796,0
DA:1797,0
DA:1800,0
DA:1801,0
DA:1802,0
DA:1808,0
DA:1809,0
DA:1812,0
DA:1813,0
DA:1819,0
DA:1820,0
DA:1825,0
DA:1833,0
DA:1835,0
DA:1840,0
DA:1845,0
DA:1847,0
DA:1848,0
DA:1849,0
DA:1850,0
DA:1854,0
DA:1857,0
DA:1858,0
DA:1859,0
DA:1860,0
DA:1864,0
DA:1866,0
DA:1867,0
DA:1868,0
DA:1869,0
DA:1873,0
DA:1875,0
DA:1879,0
DA:1881,0
DA:1883,0
DA:1885,0
DA:1887,0
DA:1889,0
DA:1891,0
DA:1893,0
DA:1898,0
DA:1899,0
DA:1900,0
DA:1905,0
DA:1910,0
DA:1911,0
DA:1912,0
DA:1916,0
DA:1918,0
DA:1920,0
DA:1922,0
DA:1924,0
DA:1926,0
DA:1927,0
DA:1929,0
DA:1931,0
DA:1935,0
DA:1939,0
DA:1943,0
DA:1947,0
DA:1951,0
DA:1960,0
DA:1961,0
DA:1962,0
DA:1963,0
DA:1965,0
DA:1968,0
DA:1971,0
DA:1974,0
DA:1979,0
DA:1980,0
DA:1981,0
DA:1982,0
DA:1983,0
DA:1984,0
DA:1985,0
DA:1988,0
DA:1989,0
DA:1990,0
DA:1991,0
DA:1994,0
DA:1995,0
DA:1996,0
DA:1997,0
DA:2005,0
DA:2007,0
DA:2008,0
DA:2012,0
DA:2013,0
DA:2015,0
DA:2018,0
DA:2019,0
DA:2022,0
DA:2023,0
DA:2026,0
DA:2027,0
DA:2032,0
DA:2033,0
DA:2034,0
DA:2035,0
DA:2036,0
DA:2037,0
DA:2042,0
DA:2047,0
DA:2048,0
DA:2051,0
DA:2054,0
DA:2065,0
DA:2067,0
DA:2070,0
DA:2074,0
DA:2076,0
DA:2082,0
DA:2084,0
DA:2087,0
DA:2090,0
DA:2094,0
DA:2096,0
DA:2100,0
DA:2109,0
DA:2110,0
DA:2114,0
DA:2117,0
DA:2120,0
DA:2124,0
DA:2125,0
DA:2127,0
DA:2128,0
DA:2129,0
DA:2130,0
DA:2132,0
DA:2135,0
DA:2137,0
DA:2144,0
DA:2145,0
DA:2148,0
DA:2160,0
DA:2161,0
DA:2164,0
DA:2169,0
DA:2170,0
DA:2176,0
DA:2177,0
DA:2178,0
DA:2180,0
DA:2181,0
DA:2185,0
DA:2186,0
DA:2187,0
DA:2197,0
DA:2200,0
DA:2203,0
DA:2206,0
DA:2212,0
DA:2213,0
DA:2217,0
DA:2218,0
DA:2219,0
DA:2220,0
DA:2223,0
DA:2224,0
DA:2226,0
DA:2227,0
DA:2228,0
DA:2229,0
DA:2230,0
DA:2231,0
DA:2236,0
DA:2237,0
DA:2238,0
DA:2239,0
DA:2242,0
DA:2243,0
DA:2244,0
DA:2249,0
DA:2250,0
DA:2251,0
DA:2252,0
DA:2253,0
DA:2256,0
DA:2257,0
DA:2258,0
DA:2259,0
DA:2260,0
DA:2266,0
DA:2267,0
DA:2269,0
DA:2270,0
DA:2271,0
DA:2272,0
DA:2277,0
DA:2279,0
DA:2283,0
DA:2284,0
DA:2285,0
DA:2286,0
DA:2287,0
DA:2292,0
DA:2293,0
DA:2295,0
DA:2298,0
DA:2303,0
DA:2304,0
DA:2308,0
DA:2309,0
DA:2310,0
DA:2311,0
DA:2312,0
DA:2317,0
DA:2318,0
DA:2319,0
DA:2320,0
DA:2321,0
DA:2326,0
DA:2327,0
DA:2328,0
DA:2329,0
DA:2330,0
DA:2331,0
DA:2336,0
DA:2337,0
DA:2338,0
DA:2340,0
DA:2342,0
DA:2346,0
DA:2347,0
DA:2352,0
DA:2353,0
DA:2354,0
DA:2359,0
DA:2360,0
DA:2361,0
DA:2362,0
DA:2364,0
DA:2366,0
DA:2371,0
DA:2372,0
DA:2378,0
DA:2379,0
DA:2380,0
DA:2383,0
DA:2384,0
DA:2385,0
DA:2387,0
DA:2388,0
DA:2389,0
DA:2390,0
DA:2392,0
DA:2396,0
DA:2397,0
DA:2398,0
DA:2400,0
DA:2401,0
DA:2402,0
DA:2403,0
DA:2404,0
DA:2406,0
DA:2410,0
DA:2411,0
DA:2412,0
DA:2414,0
DA:2415,0
DA:2416,0
DA:2422,0
DA:2423,0
DA:2425,0
DA:2426,0
DA:2427,0
DA:2428,0
DA:2436,0
DA:2437,0
DA:2440,0
DA:2444,0
DA:2445,0
DA:2452,0
DA:2459,0
DA:2461,0
DA:2465,0
DA:2466,0
DA:2467,0
DA:2468,0
DA:2471,0
DA:2472,0
DA:2473,0
DA:2476,0
DA:2477,0
DA:2478,0
DA:2479,0
DA:2480,0
DA:2481,0
DA:2487,0
DA:2490,0
DA:2492,0
DA:2496,0
DA:2497,0
DA:2504,0
DA:2506,0
DA:2509,0
DA:2511,0
DA:2514,0
DA:2516,0
DA:2517,0
DA:2518,0
DA:2519,0
DA:2520,0
DA:2521,0
DA:2525,0
DA:2526,0
DA:2528,0
DA:2529,0
DA:2532,0
DA:2539,0
DA:2540,0
DA:2541,0
DA:2542,0
DA:2543,0
DA:2546,0
DA:2548,0
DA:2549,0
DA:2551,0
DA:2552,0
DA:2553,0
DA:2558,0
DA:2559,0
DA:2560,0
DA:2561,0
DA:2562,0
DA:2574,0
DA:2578,0
DA:2581,0
DA:2582,0
DA:2583,0
DA:2586,0
DA:2587,0
DA:2588,0
DA:2589,0
DA:2594,0
DA:2606,0
DA:2613,0
DA:2617,0
DA:2627,0
DA:2633,0
DA:2634,0
DA:2637,0
DA:2638,0
DA:2640,0
DA:2641,0
DA:2644,0
DA:2646,0
DA:2652,0
DA:2653,0
DA:2654,0
DA:2655,0
DA:2656,0
DA:2660,0
DA:2661,0
DA:2662,0
DA:2664,0
DA:2665,0
DA:2668,0
DA:2670,0
DA:2671,0
DA:2673,0
DA:2674,0
DA:2675,0
DA:2677,0
DA:2678,0
DA:2681,0
DA:2682,0
DA:2683,0
DA:2685,0
DA:2686,0
DA:2687,0
DA:2688,0
DA:2691,0
DA:2694,0
DA:2697,0
DA:2698,0
DA:2707,0
DA:2714,0
DA:2718,0
DA:2719,0
DA:2720,0
DA:2721,0
DA:2722,0
DA:2723,0
DA:2724,0
DA:2728,0
DA:2738,0
DA:2739,0
DA:2743,0
DA:2746,0
DA:2747,0
DA:2750,0
DA:2751,0
DA:2752,0
DA:2753,0
DA:2757,0
DA:2763,0
DA:2770,0
DA:2773,0
DA:2774,0
DA:2775,0
DA:2776,0
DA:2777,0
DA:2778,0
DA:2782,0
DA:2787,0
DA:2789,0
DA:2792,0
DA:2793,0
DA:2798,0
DA:2809,0
DA:2815,0
DA:2816,0
DA:2819,0
DA:2822,0
DA:2825,0
DA:2826,0
DA:2829,0
DA:2832,0
DA:2839,0
DA:2840,0
DA:2841,0
DA:2845,0
DA:2849,0
DA:2851,0
DA:2853,0
DA:2856,0
DA:2859,0
DA:2860,0
DA:2865,0
DA:2867,0
DA:2868,0
DA:2869,0
DA:2871,0
DA:2872,0
DA:2873,0
DA:2876,0
DA:2877,0
DA:2881,0
DA:2883,0
DA:2884,0
DA:2885,0
DA:2887,0
DA:2888,0
DA:2894,0
DA:2895,0
DA:2896,0
DA:2897,0
DA:2899,0
DA:2900,0
DA:2901,0
DA:2902,0
DA:2907,0
DA:2908,0
DA:2909,0
DA:2910,0
DA:2914,0
DA:2924,0
DA:2932,0
DA:2934,0
DA:2935,0
DA:2936,0
DA:2941,0
DA:2943,0
DA:2945,0
DA:2947,0
DA:2948,0
DA:2950,0
DA:2951,0
DA:2952,0
DA:2953,0
DA:2955,0
DA:2962,0
DA:2974,0
DA:2979,0
DA:2982,0
DA:2985,0
DA:2989,0
DA:2995,0
DA:2999,0
DA:3006,0
DA:3012,0
DA:3018,0
DA:3021,0
DA:3022,0
DA:3024,0
DA:3026,0
DA:3030,0
DA:3036,0
DA:3040,0
DA:3047,0
DA:3053,0
DA:3059,0
DA:3062,0
DA:3063,0
DA:3065,0
DA:3067,0
DA:3071,0
DA:3077,0
DA:3083,0
DA:3089,0
DA:3090,0
DA:3094,0
DA:3096,0
DA:3097,0
DA:3098,0
DA:3099,0
DA:3103,0
DA:3104,0
DA:3106,0
DA:3108,0
DA:3112,0
DA:3114,0
DA:3119,0
DA:3122,0
DA:3124,0
DA:3133,0
DA:3137,0
DA:3142,0
DA:3145,0
DA:3147,0
DA:3152,0
DA:3156,0
DA:3160,0
DA:3161,0
DA:3162,0
DA:3163,0
DA:3164,0
DA:3169,0
DA:3170,0
DA:3171,0
DA:3175,0
DA:3177,0
DA:3178,0
DA:3181,0
DA:3182,0
DA:3184,0
DA:3186,0
DA:3190,0
DA:3192,0
DA:3198,0
DA:3199,0
DA:3210,0
DA:3225,0
LF:1204
LH:0
end_of_record
SF:lib/src/data/repositories/transfer_repository_impl.dart
DA:18,1
DA:24,0
DA:32,0
DA:33,0
DA:36,0
DA:38,0
DA:42,0
DA:43,0
DA:47,0
DA:52,0
DA:56,0
DA:59,0
DA:68,0
DA:69,0
DA:71,0
DA:72,0
DA:75,0
DA:76,0
DA:79,0
DA:83,0
DA:86,0
DA:87,0
DA:93,0
DA:98,0
DA:99,0
DA:100,0
DA:101,0
DA:102,0
DA:103,0
DA:104,0
DA:105,0
DA:106,0
DA:110,0
DA:113,0
DA:117,1
DA:124,2
DA:127,0
DA:129,0
DA:131,0
DA:135,0
DA:141,0
DA:148,0
DA:153,0
DA:154,0
DA:155,0
DA:156,0
DA:157,0
DA:158,0
DA:159,0
DA:162,0
DA:165,0
DA:169,0
DA:177,0
DA:182,0
DA:186,1
DA:189,2
DA:190,1
DA:191,1
DA:192,1
DA:195,1
DA:197,2
DA:200,1
DA:205,3
DA:206,1
DA:208,1
DA:209,2
DA:212,1
DA:213,2
DA:219,0
DA:221,0
DA:224,0
DA:226,0
DA:229,1
DA:231,2
DA:234,1
DA:235,2
DA:237,1
DA:238,2
LF:78
LH:23
end_of_record
SF:lib/src/domain/entities/transfer_entity.dart
DA:84,2
DA:107,4
DA:110,1
DA:111,1
DA:112,4
DA:116,1
DA:117,1
DA:118,4
DA:119,8
DA:123,1
DA:124,2
DA:125,5
DA:129,1
DA:131,4
DA:135,1
DA:136,1
DA:141,6
DA:144,3
DA:147,1
DA:148,4
DA:150,1
DA:151,1
DA:152,1
DA:153,1
DA:154,1
DA:155,1
DA:156,1
DA:157,1
DA:158,1
DA:159,1
DA:160,1
DA:161,1
DA:162,1
DA:163,1
DA:164,1
DA:165,1
DA:166,1
DA:167,1
DA:168,1
DA:169,1
DA:170,1
DA:173,1
DA:194,1
DA:195,1
DA:196,1
DA:197,1
DA:198,1
DA:199,1
DA:200,1
DA:201,1
DA:202,1
DA:203,1
DA:204,1
DA:205,1
DA:206,0
DA:207,1
DA:208,1
DA:209,0
DA:210,1
DA:211,1
DA:212,1
DA:213,1
DA:218,1
DA:219,1
DA:220,1
DA:221,1
DA:222,1
DA:223,1
DA:224,1
DA:225,1
DA:226,1
DA:227,1
DA:228,1
DA:229,1
DA:230,1
DA:231,1
DA:232,4
DA:233,1
DA:235,1
DA:236,2
DA:237,1
DA:238,0
DA:240,1
DA:241,1
DA:242,1
DA:243,1
DA:248,1
DA:249,1
DA:250,1
DA:251,1
DA:252,1
DA:253,1
DA:254,1
DA:255,1
DA:256,1
DA:257,1
DA:258,1
DA:259,1
DA:260,1
DA:261,2
DA:262,1
DA:263,2
DA:264,1
DA:265,1
DA:266,1
DA:267,1
DA:268,1
DA:302,1
DA:314,1
DA:315,1
DA:316,1
DA:317,1
DA:318,1
DA:319,1
DA:320,1
DA:321,1
DA:322,1
DA:323,4
DA:324,1
DA:326,1
DA:331,1
DA:332,1
DA:334,3
DA:335,1
DA:336,1
DA:337,1
DA:338,1
DA:339,1
DA:340,1
DA:341,2
DA:342,1
DA:370,1
DA:380,1
DA:381,1
DA:382,3
DA:386,1
DA:387,1
DA:388,1
DA:389,1
DA:390,1
DA:391,1
DA:392,1
DA:393,1
DA:394,2
DA:400,1
DA:401,1
DA:403,3
DA:404,1
DA:405,1
DA:406,1
DA:407,1
DA:408,1
DA:409,2
LF:153
LH:150
end_of_record
SF:lib/src/domain/entities/group_album_entity.dart
DA:62,3
DA:82,9
DA:85,6
DA:88,2
DA:89,8
DA:90,6
DA:94,1
DA:95,4
DA:96,7
DA:97,4
DA:98,5
DA:100,6
DA:104,1
DA:105,1
DA:106,2
DA:107,2
DA:108,5
DA:112,1
DA:113,2
DA:114,4
DA:115,2
DA:116,0
DA:119,3
DA:120,1
DA:121,4
DA:122,1
DA:125,2
DA:126,2
DA:127,2
DA:128,2
DA:129,2
DA:130,2
DA:131,2
DA:132,2
DA:133,2
DA:134,2
DA:135,2
DA:136,2
DA:137,2
DA:138,2
DA:139,2
DA:140,2
DA:141,2
DA:142,2
DA:145,1
DA:163,1
DA:164,1
DA:165,1
DA:166,1
DA:167,0
DA:168,1
DA:169,1
DA:170,1
DA:171,1
DA:172,1
DA:173,1
DA:174,1
DA:175,1
DA:176,1
DA:177,1
DA:178,1
DA:179,0
DA:184,1
DA:185,1
DA:212,4
DA:222,1
DA:223,2
DA:224,3
DA:225,4
DA:227,4
DA:228,5
DA:230,0
DA:234,2
DA:235,2
DA:245,4
DA:246,2
DA:247,2
DA:249,1
DA:251,4
DA:253,4
DA:254,2
DA:256,4
DA:257,2
DA:261,2
DA:262,2
DA:271,1
DA:272,1
DA:273,1
DA:274,1
DA:275,1
DA:276,1
DA:277,1
DA:278,1
DA:290,3
DA:296,3
DA:299,1
DA:300,1
DA:301,4
DA:302,4
DA:303,4
DA:307,1
DA:308,2
DA:309,4
DA:310,4
DA:311,4
DA:315,1
DA:316,1
DA:317,4
DA:318,3
DA:322,1
DA:323,1
DA:324,1
DA:326,1
DA:327,4
DA:328,5
DA:330,7
DA:333,2
DA:334,6
DA:337,4
DA:338,7
DA:341,3
DA:342,6
DA:343,21
DA:344,12
DA:348,9
DA:349,6
DA:350,3
DA:351,6
DA:352,6
DA:353,6
DA:356,6
DA:357,15
DA:358,3
DA:359,3
DA:362,11
DA:379,2
DA:386,3
DA:389,1
DA:390,1
DA:391,3
DA:392,2
DA:394,3
DA:397,1
DA:398,4
DA:401,2
DA:402,3
DA:404,2
DA:405,4
DA:406,10
DA:407,8
DA:410,6
DA:411,4
DA:412,4
DA:413,10
DA:414,2
DA:415,4
DA:416,4
DA:419,2
DA:421,4
DA:422,6
DA:423,6
DA:444,3
DA:465,1
DA:466,1
DA:467,1
DA:468,1
DA:469,1
DA:472,3
DA:473,9
DA:477,2
DA:478,8
DA:481,5
DA:484,5
DA:487,5
DA:493,2
DA:494,10
DA:496,1
DA:506,1
DA:507,1
DA:508,1
DA:509,1
DA:510,1
LF:182
LH:178
end_of_record
SF:lib/src/domain/entities/group_file_entity.dart
DA:68,2
DA:87,2
DA:88,2
DA:89,2
DA:90,2
DA:91,2
DA:92,2
DA:93,2
DA:94,2
DA:95,2
DA:98,2
DA:99,2
DA:100,2
DA:101,1
DA:102,1
DA:109,6
DA:112,6
DA:115,3
DA:118,3
DA:121,7
DA:124,2
DA:125,8
DA:126,14
DA:127,8
DA:128,10
DA:130,12
DA:134,2
DA:135,4
DA:136,12
DA:137,8
DA:141,2
DA:142,2
DA:143,4
DA:144,4
DA:145,10
DA:148,1
DA:149,1
DA:150,1
DA:151,1
DA:152,1
DA:153,1
DA:154,1
DA:155,1
DA:156,1
DA:157,1
DA:158,1
DA:159,1
DA:160,1
DA:161,1
DA:162,1
DA:163,1
DA:164,1
DA:167,2
DA:184,2
DA:185,2
DA:186,0
DA:187,2
DA:188,1
DA:189,2
DA:190,2
DA:191,2
DA:192,2
DA:193,2
DA:194,2
DA:195,2
DA:196,2
DA:197,2
DA:198,2
DA:199,2
DA:227,2
DA:238,2
DA:239,6
DA:240,6
DA:241,8
DA:243,4
DA:244,5
DA:246,0
DA:250,12
DA:252,0
DA:253,0
DA:254,0
DA:255,0
DA:256,0
DA:257,0
DA:258,0
DA:259,0
DA:260,0
DA:264,2
DA:272,4
DA:273,4
DA:274,2
DA:275,2
DA:276,2
DA:278,2
DA:279,1
DA:281,2
DA:282,2
DA:284,2
DA:285,2
DA:287,0
DA:288,0
DA:289,0
DA:294,2
DA:295,2
LF:104
LH:90
end_of_record
SF:lib/src/domain/entities/message_entity.dart
DA:101,2
DA:162,4
DA:165,2
DA:167,21
DA:200,6
DA:203,2
DA:204,4
DA:205,4
DA:206,4
DA:209,2
DA:210,6
DA:213,2
DA:216,3
DA:219,6
DA:222,6
DA:225,4
DA:228,2
DA:229,4
DA:230,8
DA:231,2
DA:235,1
DA:236,2
DA:237,3
DA:241,2
DA:244,1
DA:245,1
DA:246,3
DA:247,3
DA:251,1
DA:252,1
DA:253,4
DA:254,1
DA:258,3
DA:261,6
DA:264,1
DA:265,2
DA:266,4
DA:267,2
DA:268,6
DA:271,3
DA:272,1
DA:273,4
DA:274,1
DA:277,12
DA:278,12
DA:279,12
DA:280,12
DA:281,12
DA:282,12
DA:283,12
DA:284,12
DA:285,12
DA:286,12
DA:287,12
DA:288,12
DA:289,12
DA:290,12
DA:291,12
DA:292,12
DA:293,12
DA:294,12
DA:295,12
DA:296,12
DA:297,12
DA:298,12
DA:299,12
DA:300,12
DA:301,12
DA:302,12
DA:303,12
DA:304,12
DA:305,12
DA:306,12
DA:307,12
DA:310,9
DA:341,9
DA:342,8
DA:343,9
DA:344,9
DA:345,9
DA:346,9
DA:347,7
DA:348,9
DA:349,8
DA:350,9
DA:351,8
DA:352,9
DA:353,9
DA:354,9
DA:355,9
DA:356,9
DA:357,9
DA:358,8
DA:359,9
DA:360,9
DA:361,9
DA:362,9
DA:363,9
DA:364,7
DA:365,9
DA:366,9
DA:367,9
DA:368,9
DA:369,9
DA:370,9
DA:375,2
DA:376,4
DA:377,2
DA:378,8
DA:554,2
DA:597,1
DA:598,1
DA:599,4
DA:600,7
DA:601,4
DA:602,5
DA:604,6
DA:608,1
DA:609,1
DA:610,3
DA:611,2
DA:612,1
DA:613,1
DA:614,2
DA:615,1
DA:618,2
DA:619,2
DA:620,2
DA:621,2
DA:622,2
DA:623,2
DA:624,2
DA:625,2
DA:626,2
DA:627,2
DA:628,2
DA:629,2
DA:630,2
DA:631,2
DA:632,2
DA:633,2
DA:634,2
DA:635,2
DA:636,2
DA:637,2
DA:638,2
DA:639,2
DA:640,2
DA:641,2
DA:642,2
DA:643,2
DA:644,2
DA:645,2
DA:646,2
DA:647,2
DA:648,2
DA:649,2
DA:650,2
DA:651,2
DA:652,2
DA:653,2
DA:654,2
DA:655,2
DA:656,2
DA:657,2
DA:658,2
DA:662,1
DA:668,1
DA:669,1
DA:670,1
DA:671,1
DA:672,1
DA:673,1
DA:674,1
DA:675,1
DA:676,1
DA:677,1
DA:678,1
DA:679,1
DA:680,1
DA:681,1
DA:682,1
DA:683,1
DA:684,1
DA:685,1
DA:686,1
DA:687,1
DA:688,1
DA:689,1
DA:690,1
DA:691,1
DA:692,1
DA:693,1
DA:694,1
DA:695,1
DA:696,1
DA:697,1
DA:698,1
DA:699,1
DA:700,1
DA:701,1
DA:702,1
DA:703,1
DA:704,1
DA:705,1
DA:706,1
DA:707,1
DA:711,1
DA:714,1
DA:715,1
DA:716,1
DA:717,1
DA:718,1
DA:719,1
DA:720,1
DA:721,1
DA:722,1
DA:723,1
DA:724,1
DA:725,1
DA:726,1
DA:727,1
DA:728,1
DA:729,1
DA:730,1
DA:731,1
DA:732,1
DA:733,1
DA:734,1
DA:735,1
DA:736,1
DA:737,1
DA:738,1
DA:739,1
DA:740,1
DA:741,1
DA:742,1
DA:743,1
DA:744,1
DA:745,1
DA:746,1
DA:747,1
DA:748,1
DA:749,1
DA:750,1
DA:751,1
DA:752,1
DA:753,1
DA:757,3
DA:760,1
DA:761,3
DA:764,1
DA:765,2
DA:779,0
DA:786,3
DA:788,1
DA:789,4
LF:257
LH:256
end_of_record
SF:lib/src/presentation/pages/game/services/game_score_service.dart
DA:12,1
DA:14,1
DA:15,1
DA:16,2
DA:18,1
DA:21,1
DA:24,3
DA:27,2
DA:28,3
DA:31,1
DA:34,0
DA:38,1
DA:40,1
DA:41,1
DA:42,2
DA:44,1
DA:45,2
DA:47,3
DA:50,0
DA:55,1
DA:56,5
DA:58,5
DA:61,2
DA:63,0
DA:67,1
DA:68,1
DA:69,3
LF:27
LH:24
end_of_record
SF:lib/src/presentation/pages/game/models/game_score.dart
DA:6,2
DA:12,4
DA:13,2
DA:14,2
DA:15,4
DA:18,4
DA:19,2
DA:20,2
DA:21,4
LF:9
LH:9
end_of_record
SF:lib/src/data/datasources/matrix/matrix_search_datasource.dart
DA:12,0
DA:15,0
DA:22,0
DA:23,0
DA:26,0
DA:30,0
DA:32,0
DA:37,0
DA:41,0
DA:44,0
DA:46,0
DA:48,0
DA:50,0
DA:59,0
DA:60,0
DA:62,0
DA:63,0
DA:65,0
DA:66,0
DA:67,0
DA:68,0
DA:69,0
DA:70,0
DA:71,0
DA:73,0
DA:74,0
DA:80,0
DA:84,0
DA:85,0
DA:87,0
DA:89,0
DA:90,0
DA:94,0
DA:95,0
DA:97,0
DA:98,0
DA:102,0
DA:103,0
DA:105,0
DA:107,0
DA:108,0
DA:110,0
DA:111,0
DA:114,0
DA:115,0
DA:117,0
DA:118,0
DA:119,0
DA:120,0
DA:128,0
DA:133,0
DA:134,0
DA:136,0
DA:137,0
DA:140,0
DA:143,0
DA:144,0
DA:146,0
DA:147,0
DA:148,0
DA:149,0
DA:154,0
DA:155,0
DA:157,0
DA:158,0
DA:159,0
DA:161,0
DA:162,0
DA:163,0
DA:164,0
DA:170,0
DA:177,0
DA:182,0
DA:184,0
DA:185,0
DA:187,0
DA:188,0
DA:191,0
DA:194,0
DA:195,0
DA:197,0
DA:198,0
DA:199,0
DA:203,0
DA:205,0
DA:209,0
DA:212,0
DA:217,0
DA:218,0
DA:219,0
DA:220,0
DA:223,0
DA:227,0
DA:228,0
DA:229,0
DA:238,0
DA:240,0
DA:244,0
DA:249,0
DA:259,0
LF:100
LH:0
end_of_record
SF:lib/src/data/repositories/search_repository_impl.dart
DA:24,1
DA:32,1
DA:38,2
DA:43,0
DA:45,0
DA:46,0
DA:47,0
DA:48,0
DA:51,0
DA:52,0
DA:53,0
DA:54,0
DA:55,0
DA:58,0
DA:59,0
DA:61,0
DA:62,0
DA:64,0
DA:65,0
DA:67,0
DA:68,0
DA:70,0
DA:75,0
DA:84,0
DA:86,0
DA:89,0
DA:90,0
DA:91,0
DA:93,0
DA:94,0
DA:95,0
DA:97,0
DA:98,0
DA:99,0
DA:104,0
DA:110,0
DA:112,0
DA:114,0
DA:116,0
DA:118,0
DA:123,0
DA:128,0
DA:129,0
DA:130,0
DA:131,0
DA:134,0
DA:138,0
DA:139,0
DA:141,0
DA:144,0
DA:146,0
DA:148,0
DA:149,0
DA:150,0
DA:151,0
DA:154,0
DA:156,0
DA:158,0
DA:159,0
DA:160,0
DA:161,0
DA:164,0
DA:172,0
DA:178,0
DA:179,0
DA:180,0
DA:182,0
DA:183,0
DA:184,0
DA:191,0
DA:194,0
DA:199,0
DA:200,0
DA:201,0
DA:203,0
DA:205,0
DA:206,0
DA:210,0
DA:214,1
DA:220,2
DA:221,1
DA:224,0
DA:230,0
DA:232,0
DA:236,0
DA:237,0
DA:241,0
DA:247,0
DA:248,0
DA:249,0
DA:250,0
DA:253,0
DA:255,0
DA:257,0
DA:261,1
DA:263,3
DA:266,1
DA:268,1
DA:269,1
DA:272,2
DA:275,2
DA:278,3
DA:279,2
DA:283,1
DA:285,2
DA:288,1
DA:290,2
DA:297,0
DA:299,0
DA:300,0
DA:301,0
DA:304,0
DA:305,0
DA:306,0
DA:312,0
DA:313,0
DA:314,0
DA:317,0
DA:318,0
DA:319,0
DA:321,0
DA:323,0
DA:324,0
DA:327,0
DA:333,0
DA:334,0
DA:335,0
DA:337,0
DA:338,0
DA:339,0
DA:341,0
DA:342,0
DA:343,0
DA:344,0
DA:345,0
DA:349,0
DA:350,0
DA:351,0
DA:352,0
DA:353,0
DA:354,0
DA:355,0
DA:356,0
DA:357,0
DA:362,0
DA:364,0
DA:366,0
DA:368,0
DA:370,0
DA:372,0
DA:374,0
DA:381,0
DA:383,0
DA:384,0
DA:387,0
DA:396,0
LF:156
LH:19
end_of_record
SF:lib/src/core/services/ens_cache_service.dart
DA:24,0
DA:26,0
DA:33,0
DA:35,0
DA:36,0
DA:37,0
DA:42,0
DA:44,0
DA:45,0
DA:46,0
DA:50,0
DA:56,0
DA:58,0
DA:59,0
DA:60,0
DA:64,0
DA:66,0
DA:67,0
DA:68,0
DA:72,0
DA:78,0
DA:79,0
DA:80,0
DA:83,0
DA:84,0
DA:85,0
DA:86,0
DA:88,0
DA:93,0
DA:94,0
DA:95,0
DA:96,0
DA:97,0
DA:98,0
DA:99,0
DA:102,0
DA:109,0
DA:110,0
DA:114,0
DA:115,0
DA:118,0
DA:121,0
DA:123,0
DA:124,0
DA:128,0
DA:130,0
DA:131,0
DA:135,0
DA:140,0
DA:141,0
DA:144,0
DA:145,0
DA:146,0
DA:147,0
DA:151,0
DA:152,0
DA:153,0
DA:154,0
DA:158,0
DA:159,0
DA:161,0
DA:164,0
DA:168,0
DA:177,0
DA:179,0
DA:180,0
LF:66
LH:0
end_of_record
SF:lib/src/core/services/username_service.dart
DA:23,0
DA:25,0
DA:28,0
DA:29,0
DA:33,0
DA:34,0
DA:37,0
DA:38,0
DA:40,0
DA:44,0
DA:46,0
DA:55,0
DA:57,0
DA:58,0
DA:60,0
DA:61,0
DA:62,0
DA:66,0
DA:67,0
DA:72,0
DA:76,0
DA:77,0
DA:78,0
DA:83,0
DA:87,0
DA:93,0
DA:94,0
DA:95,0
DA:96,0
DA:100,0
DA:104,0
DA:106,0
DA:111,0
DA:114,0
DA:120,0
DA:121,0
DA:122,0
DA:123,0
DA:127,0
DA:128,0
DA:129,0
DA:133,0
DA:134,0
DA:135,0
DA:138,0
DA:139,0
DA:141,0
DA:142,0
DA:145,0
DA:147,0
DA:148,0
DA:149,0
DA:150,0
DA:153,0
DA:154,0
DA:155,0
DA:165,0
DA:166,0
DA:171,0
DA:172,0
DA:174,0
DA:175,0
DA:177,0
DA:183,0
DA:184,0
DA:185,0
DA:188,0
DA:191,0
DA:192,0
DA:193,0
DA:195,0
DA:201,0
DA:202,0
DA:205,0
DA:206,0
DA:207,0
DA:208,0
DA:210,0
DA:220,0
LF:79
LH:0
end_of_record
SF:lib/src/domain/entities/contact_entity.dart
DA:59,2
DA:77,2
DA:78,4
DA:79,4
DA:80,2
DA:81,4
DA:83,0
DA:85,0
DA:89,2
DA:90,4
DA:91,10
DA:92,6
DA:98,3
DA:99,9
DA:100,3
DA:102,4
DA:103,2
DA:105,0
DA:109,1
DA:110,1
DA:111,1
DA:113,3
DA:114,2
DA:115,4
DA:119,3
DA:120,1
DA:121,4
DA:122,1
DA:128,2
DA:129,2
DA:130,2
DA:132,4
DA:133,4
DA:145,0
DA:146,0
DA:150,3
DA:153,1
DA:154,1
DA:156,1
DA:157,2
DA:159,2
DA:161,2
DA:162,2
DA:163,2
DA:164,0
DA:165,2
DA:166,2
DA:172,1
DA:173,1
DA:174,1
DA:175,1
DA:176,1
DA:177,1
DA:178,1
DA:179,1
DA:180,1
DA:181,1
DA:182,1
DA:183,1
DA:184,1
DA:185,1
DA:186,1
DA:187,1
DA:190,2
DA:206,2
DA:207,2
DA:208,1
DA:209,2
DA:210,2
DA:211,2
DA:212,2
DA:213,1
DA:214,2
DA:215,2
DA:216,2
DA:217,2
DA:218,2
DA:219,2
DA:220,2
LF:79
LH:73
end_of_record
SF:lib/src/domain/entities/conversation_entity.dart
DA:98,3
DA:129,6
DA:132,6
DA:135,8
DA:139,2
DA:140,4
DA:141,4
DA:142,2
DA:146,1
DA:147,1
DA:148,3
DA:149,3
DA:151,0
DA:154,3
DA:155,2
DA:158,3
DA:163,2
DA:164,3
DA:167,1
DA:171,2
DA:172,4
DA:174,8
DA:175,4
DA:176,6
DA:180,6
DA:181,2
DA:182,8
DA:183,2
DA:186,2
DA:187,2
DA:188,2
DA:189,2
DA:190,2
DA:191,2
DA:192,2
DA:193,2
DA:194,2
DA:195,2
DA:196,2
DA:197,2
DA:198,2
DA:199,2
DA:200,2
DA:201,2
DA:202,2
DA:203,2
DA:204,2
DA:205,2
DA:206,2
DA:207,2
DA:208,2
DA:209,2
DA:210,2
DA:211,2
DA:212,2
DA:213,2
DA:214,2
DA:217,3
DA:246,3
DA:247,3
DA:248,2
DA:249,3
DA:250,3
DA:251,3
DA:252,3
DA:253,3
DA:254,2
DA:255,3
DA:256,3
DA:257,3
DA:258,3
DA:259,3
DA:260,3
DA:261,3
DA:262,3
DA:263,3
DA:264,3
DA:265,3
DA:266,3
DA:267,3
DA:268,3
DA:269,3
DA:270,3
DA:271,3
DA:272,3
DA:273,2
LF:86
LH:85
end_of_record
SF:lib/src/domain/entities/search_result_entity.dart
DA:53,1
DA:67,0
DA:68,0
DA:70,0
DA:71,0
DA:72,0
DA:73,0
DA:80,0
DA:81,0
DA:82,0
DA:83,0
DA:84,0
DA:85,0
DA:86,0
DA:88,0
DA:89,0
DA:95,0
DA:102,0
DA:104,0
DA:106,0
DA:109,0
DA:110,0
DA:116,1
DA:117,1
DA:118,1
DA:119,1
DA:120,1
DA:121,1
DA:122,1
DA:123,1
DA:124,1
DA:125,1
DA:126,1
DA:153,2
DA:164,2
DA:165,1
DA:166,1
DA:167,1
DA:168,1
DA:172,2
DA:173,22
DA:176,6
DA:179,3
DA:182,3
DA:185,3
DA:188,3
DA:190,2
DA:191,2
DA:192,2
DA:193,2
DA:194,2
DA:195,2
DA:196,2
DA:197,2
DA:198,2
DA:201,1
DA:210,1
DA:211,0
DA:212,1
DA:213,1
DA:214,1
DA:215,1
DA:216,0
DA:217,1
DA:242,2
DA:252,6
DA:255,6
DA:258,1
DA:259,2
DA:262,0
DA:266,6
DA:269,12
DA:271,1
DA:272,1
DA:273,1
DA:274,1
DA:275,1
DA:276,1
DA:277,1
DA:278,1
DA:281,1
DA:289,1
DA:290,1
DA:291,1
DA:292,1
DA:293,0
DA:294,1
DA:295,1
LF:88
LH:63
end_of_record
SF:lib/src/presentation/pages/game/game_2048/game_2048_logic.dart
DA:9,2
DA:13,1
DA:14,1
DA:17,1
DA:18,4
DA:19,1
DA:20,1
DA:21,1
DA:24,1
DA:25,1
DA:27,1
DA:28,2
DA:29,5
DA:31,1
DA:32,2
DA:33,9
DA:35,1
DA:36,2
DA:37,5
DA:38,1
DA:39,2
DA:40,4
DA:43,1
DA:44,2
DA:45,7
DA:46,3
DA:47,2
DA:48,4
DA:53,1
DA:54,1
DA:56,1
DA:59,1
DA:60,1
DA:63,4
DA:65,4
DA:66,4
DA:67,2
DA:68,3
DA:69,2
DA:73,4
DA:74,2
DA:75,1
DA:78,1
DA:79,1
DA:84,1
DA:85,3
DA:86,3
DA:87,3
DA:92,1
DA:93,1
DA:94,2
DA:95,2
DA:96,4
DA:97,2
DA:101,1
DA:103,4
DA:104,8
DA:107,1
DA:109,2
DA:110,2
DA:111,4
DA:115,2
DA:116,2
DA:117,3
DA:118,7
DA:119,7
DA:125,1
DA:126,2
DA:127,2
DA:128,4
LF:70
LH:70
end_of_record
SF:lib/src/presentation/pages/game/minesweeper/minesweeper_logic.dart
DA:28,1
DA:29,1
DA:32,3
DA:33,3
DA:34,3
DA:35,4
DA:37,1
DA:38,6
DA:39,6
DA:40,6
DA:41,1
DA:42,1
DA:43,1
DA:44,1
DA:45,1
DA:48,1
DA:49,1
DA:50,1
DA:53,1
DA:55,3
DA:56,3
DA:57,4
DA:61,5
DA:62,3
DA:66,4
DA:67,2
DA:68,3
DA:69,3
DA:70,5
DA:71,3
DA:72,1
DA:74,1
DA:78,3
DA:79,3
DA:80,3
DA:81,4
DA:85,3
DA:86,3
DA:87,1
DA:88,1
DA:89,9
DA:90,1
DA:94,3
DA:99,1
DA:100,5
DA:102,1
DA:103,1
DA:104,1
DA:107,3
DA:109,0
DA:110,0
DA:111,0
DA:115,1
DA:116,1
DA:120,1
DA:121,1
DA:123,1
DA:124,1
DA:125,6
DA:126,4
DA:128,3
DA:130,4
DA:131,3
DA:132,3
DA:133,2
DA:134,3
DA:141,1
DA:142,5
DA:144,4
DA:145,3
DA:146,2
DA:148,3
DA:149,2
DA:154,1
DA:156,3
DA:157,3
DA:158,4
DA:159,1
DA:163,2
DA:164,0
DA:165,0
DA:169,0
DA:170,0
DA:171,0
DA:172,0
DA:173,0
DA:179,4
LF:87
LH:77
end_of_record
SF:lib/src/presentation/pages/game/block_drop/block_drop_logic.dart
DA:9,1
DA:16,2
DA:17,5
DA:18,1
DA:19,1
DA:20,1
DA:23,1
DA:24,2
DA:25,3
DA:26,9
DA:46,3
DA:48,2
DA:50,3
DA:52,3
DA:54,3
DA:56,3
DA:58,4
DA:60,4
DA:63,1
DA:64,1
DA:67,6
DA:69,1
DA:70,4
DA:71,1
DA:72,1
DA:73,1
DA:74,1
DA:75,2
DA:76,1
DA:79,1
DA:80,4
DA:81,6
DA:82,1
DA:84,1
DA:86,4
DA:90,1
DA:91,2
DA:92,2
DA:94,3
DA:95,0
DA:99,1
DA:100,4
DA:101,5
DA:102,4
DA:103,2
DA:104,2
DA:105,4
DA:106,4
DA:112,1
DA:113,2
DA:114,3
DA:115,2
DA:116,3
DA:122,1
DA:123,2
DA:124,3
DA:125,2
DA:126,3
DA:132,1
DA:133,2
DA:134,3
DA:135,2
DA:136,0
DA:137,0
DA:143,1
DA:144,2
DA:145,2
DA:146,3
DA:148,3
DA:149,1
DA:152,1
DA:153,2
DA:154,1
DA:155,5
DA:156,1
DA:158,1
DA:159,1
DA:160,1
DA:163,1
DA:165,0
DA:166,0
DA:167,0
DA:168,0
DA:169,0
DA:172,0
DA:173,0
DA:174,0
DA:178,1
DA:179,1
DA:180,1
DA:181,4
DA:182,5
DA:183,4
DA:184,2
DA:185,2
DA:186,4
DA:187,4
DA:191,1
DA:192,1
DA:195,1
DA:197,3
DA:198,5
DA:199,2
DA:200,3
DA:201,1
DA:202,1
DA:205,1
DA:207,3
DA:208,3
DA:209,0
DA:210,0
DA:212,2
DA:213,4
DA:217,1
DA:218,1
DA:219,2
DA:220,2
DA:221,3
DA:223,3
DA:224,2
DA:229,1
DA:230,5
DA:231,1
DA:233,1
DA:235,1
DA:236,4
DA:237,5
DA:238,4
DA:239,1
DA:240,2
DA:241,7
DA:242,4
DA:248,4
DA:249,5
DA:250,4
DA:251,2
DA:252,2
DA:253,4
DA:254,3
LF:139
LH:126
end_of_record
SF:lib/src/presentation/pages/game/match3/match3_logic.dart
DA:18,1
DA:19,1
DA:22,1
DA:23,1
DA:24,1
DA:25,1
DA:26,1
DA:27,1
DA:28,1
DA:31,1
DA:32,7
DA:34,1
DA:36,2
DA:37,1
DA:38,1
DA:39,1
DA:40,1
DA:41,1
DA:45,1
DA:46,1
DA:48,1
DA:49,1
DA:50,1
DA:55,3
DA:56,3
DA:57,2
DA:58,0
DA:62,1
DA:63,1
DA:67,1
DA:69,1
DA:71,1
DA:72,1
DA:74,1
DA:75,1
DA:76,1
DA:80,1
DA:81,1
DA:84,1
DA:88,1
DA:92,1
DA:93,1
DA:95,2
DA:96,4
DA:98,1
DA:99,4
DA:102,1
DA:103,1
DA:104,1
DA:105,1
DA:109,1
DA:110,3
DA:111,6
DA:112,3
DA:115,1
DA:116,1
DA:117,3
DA:120,2
DA:122,2
DA:123,12
DA:126,6
DA:127,1
DA:128,2
DA:129,2
DA:130,2
DA:132,1
DA:139,2
DA:141,2
DA:142,12
DA:145,6
DA:146,1
DA:147,2
DA:148,2
DA:149,2
DA:152,2
DA:161,1
DA:162,2
DA:163,2
DA:164,6
DA:169,1
DA:170,2
DA:171,1
DA:172,3
DA:173,4
DA:174,6
DA:175,1
DA:176,4
DA:178,1
DA:181,2
DA:182,4
DA:187,1
DA:188,2
DA:189,2
DA:190,4
DA:191,5
DA:197,1
DA:198,1
DA:199,2
DA:200,2
DA:201,1
DA:202,1
DA:206,1
DA:207,2
DA:208,2
DA:210,2
DA:211,2
DA:212,2
DA:213,0
DA:216,2
DA:219,2
DA:220,2
DA:221,2
DA:222,2
DA:225,2
LF:114
LH:112
end_of_record
SF:lib/src/domain/entities/voice_room_entity.dart
DA:35,1
DA:45,1
DA:46,1
DA:47,1
DA:48,1
DA:49,1
DA:50,1
DA:51,1
DA:52,1
DA:53,1
DA:56,1
DA:65,1
DA:66,1
DA:67,1
DA:68,1
DA:69,1
DA:70,0
DA:71,0
DA:72,1
DA:106,3
DA:119,1
DA:120,8
DA:123,1
DA:124,6
DA:127,1
DA:128,6
DA:131,1
DA:132,5
DA:135,3
DA:138,3
DA:141,3
DA:143,3
DA:144,3
DA:145,3
DA:146,3
DA:147,3
DA:148,3
DA:149,3
DA:150,3
DA:151,3
DA:152,3
DA:153,3
DA:156,1
DA:167,1
DA:168,1
DA:169,1
DA:170,1
DA:171,0
DA:172,1
DA:173,1
DA:174,1
DA:175,1
DA:176,0
LF:53
LH:49
end_of_record
SF:lib/src/presentation/blocs/voice_room/voice_room_bloc.dart
DA:21,2
DA:26,4
DA:27,4
DA:28,4
DA:29,4
DA:30,4
DA:31,4
DA:32,4
DA:33,4
DA:34,4
DA:35,4
DA:36,4
DA:37,4
DA:38,4
DA:39,4
DA:42,8
DA:43,0
DA:44,0
DA:45,0
DA:50,8
DA:51,0
DA:52,0
DA:57,1
DA:61,3
DA:63,2
DA:64,1
DA:65,1
DA:68,3
DA:70,3
DA:72,0
DA:75,4
DA:79,1
DA:83,3
DA:85,2
DA:86,3
DA:88,4
DA:92,1
DA:96,3
DA:98,3
DA:100,3
DA:101,3
DA:105,2
DA:106,2
DA:110,2
DA:111,5
DA:112,0
DA:113,0
DA:114,0
DA:120,1
DA:122,0
DA:125,0
DA:129,2
DA:133,4
DA:134,4
DA:135,2
DA:136,6
DA:146,2
DA:148,4
DA:150,6
DA:153,8
DA:157,2
DA:159,4
DA:161,6
DA:164,4
DA:168,1
DA:170,3
DA:172,4
DA:176,1
DA:178,3
DA:180,4
DA:184,2
DA:185,4
DA:186,10
DA:189,1
DA:190,2
DA:191,5
DA:193,1
DA:197,2
DA:198,8
DA:201,2
DA:202,8
DA:205,1
DA:206,2
DA:207,6
DA:211,1
DA:212,1
DA:213,2
DA:214,0
DA:215,0
DA:220,2
DA:222,3
DA:223,4
DA:224,4
DA:225,3
DA:226,2
LF:95
LH:82
end_of_record
SF:lib/src/presentation/blocs/voice_room/voice_room_event.dart
DA:7,2
DA:9,0
DA:10,0
DA:18,0
DA:20,1
DA:21,3
DA:26,0
DA:33,1
DA:35,1
DA:36,2
DA:41,1
DA:46,1
DA:51,1
DA:58,1
DA:60,1
DA:61,2
DA:68,1
DA:70,0
DA:71,0
DA:76,1
DA:81,1
DA:88,2
DA:90,0
DA:91,0
DA:98,2
DA:100,0
DA:101,0
DA:106,1
LF:28
LH:18
end_of_record
SF:lib/src/presentation/blocs/voice_room/voice_room_state.dart
DA:34,3
DA:46,3
DA:49,10
DA:52,6
DA:54,3
DA:55,3
DA:56,3
DA:57,3
DA:58,3
DA:59,3
DA:60,3
DA:61,3
DA:62,3
DA:63,3
DA:64,3
DA:67,3
DA:80,3
DA:81,3
DA:82,3
DA:83,3
DA:84,3
DA:85,3
DA:86,3
DA:87,3
DA:88,3
DA:89,3
LF:26
LH:26
end_of_record
SF:lib/src/services/voip/voice_room_service.dart
DA:22,0
DA:27,0
DA:30,0
DA:33,0
DA:36,0
DA:42,0
DA:44,0
DA:45,0
DA:47,0
DA:51,0
DA:52,0
DA:54,0
DA:55,0
DA:58,0
DA:64,0
DA:65,0
DA:68,0
DA:70,0
DA:72,0
DA:73,0
DA:74,0
DA:75,0
DA:76,0
DA:81,0
DA:82,0
DA:83,0
DA:87,0
DA:88,0
DA:89,0
DA:93,0
DA:94,0
DA:95,0
DA:99,0
DA:100,0
DA:101,0
DA:105,0
DA:106,0
DA:108,0
DA:109,0
DA:110,0
DA:114,0
DA:115,0
DA:116,0
DA:119,0
DA:121,0
DA:122,0
DA:124,0
DA:127,0
DA:130,0
DA:131,0
DA:132,0
DA:133,0
DA:134,0
DA:135,0
DA:140,0
DA:141,0
DA:152,0
LF:57
LH:0
end_of_record
SF:lib/src/presentation/blocs/moment/moment_state.dart
DA:34,3
DA:47,3
DA:50,2
DA:52,3
DA:53,3
DA:54,3
DA:55,3
DA:56,3
DA:57,3
DA:58,3
DA:59,3
DA:60,3
DA:61,3
DA:62,3
DA:65,3
DA:77,3
DA:78,3
DA:79,3
DA:80,3
DA:81,3
DA:82,3
DA:83,3
DA:84,3
DA:85,3
DA:86,3
DA:91,3
DA:94,6
DA:97,0
DA:98,0
DA:101,0
DA:102,0
LF:31
LH:27
end_of_record
SF:lib/src/domain/entities/moment_entity.dart
DA:52,2
DA:65,6
DA:68,6
DA:71,2
DA:72,8
DA:73,6
DA:78,1
DA:79,1
DA:80,1
DA:81,1
DA:82,1
DA:83,1
DA:84,1
DA:85,1
DA:86,1
DA:87,1
DA:88,1
DA:91,2
DA:102,2
DA:103,2
DA:104,1
DA:105,1
DA:106,2
DA:107,2
DA:108,2
DA:109,2
DA:110,2
DA:111,2
DA:130,2
DA:138,15
DA:140,1
DA:141,5
DA:143,2
DA:149,2
DA:150,2
DA:151,2
DA:152,0
DA:153,1
DA:172,4
DA:179,1
DA:180,5
DA:212,4
DA:225,6
DA:227,2
DA:228,2
DA:229,2
DA:230,2
DA:231,2
DA:232,2
DA:233,2
DA:234,2
DA:235,2
DA:236,2
DA:237,2
DA:240,2
DA:251,2
DA:252,2
DA:253,2
DA:254,2
DA:255,2
DA:256,0
DA:257,2
DA:258,1
DA:259,1
DA:260,1
DA:314,5
DA:333,4
DA:336,3
DA:339,2
DA:342,3
DA:345,7
DA:348,5
DA:351,6
DA:354,3
DA:357,1
DA:358,2
DA:359,4
DA:360,2
DA:361,0
DA:364,3
DA:365,1
DA:366,4
DA:367,1
DA:371,1
DA:372,1
DA:373,2
DA:375,2
DA:377,2
DA:378,2
DA:379,2
DA:380,2
DA:381,2
DA:382,2
DA:383,2
DA:384,5
DA:386,7
DA:391,2
DA:392,12
DA:398,2
DA:402,6
DA:403,4
DA:404,6
DA:405,4
DA:406,2
DA:412,2
DA:416,6
DA:417,4
DA:418,6
DA:419,4
DA:420,2
DA:423,2
DA:424,2
DA:425,2
DA:426,2
DA:427,2
DA:428,2
DA:429,2
DA:430,2
DA:431,2
DA:432,2
DA:433,2
DA:434,2
DA:435,2
DA:436,2
DA:437,2
DA:438,2
DA:439,2
DA:442,4
DA:459,4
DA:460,4
DA:461,4
DA:462,4
DA:463,4
DA:464,4
DA:465,4
DA:466,4
DA:467,4
DA:468,4
DA:469,4
DA:470,2
DA:471,3
DA:472,4
DA:473,4
DA:474,2
DA:482,2
DA:483,12
DA:486,2
DA:487,2
DA:488,6
DA:489,2
DA:497,2
DA:498,1
DA:499,2
DA:500,12
DA:501,2
DA:506,2
DA:507,8
DA:511,2
DA:512,2
DA:513,12
LF:160
LH:157
end_of_record
SF:lib/src/core/services/storage_cleanup_service.dart
DA:39,2
DA:50,3
DA:58,1
DA:65,1
DA:66,1
DA:70,2
DA:73,1
DA:75,0
DA:76,0
DA:78,0
DA:82,0
DA:84,0
DA:85,0
DA:90,2
DA:93,1
DA:95,0
DA:96,0
DA:98,0
DA:102,0
DA:104,0
DA:105,0
DA:110,2
DA:111,2
DA:112,2
DA:116,1
DA:122,2
DA:123,2
DA:124,3
DA:126,2
DA:128,1
DA:129,2
DA:130,1
DA:131,1
DA:132,1
DA:138,1
DA:139,0
DA:141,3
DA:148,1
DA:150,1
DA:151,1
DA:152,1
DA:153,3
DA:154,1
DA:155,2
DA:156,1
DA:158,1
DA:160,1
DA:161,1
DA:162,0
DA:169,0
DA:176,0
DA:177,0
DA:178,0
DA:182,0
DA:185,0
DA:186,0
DA:187,0
DA:188,0
DA:192,0
DA:195,0
DA:198,0
DA:199,0
DA:200,0
DA:208,0
DA:214,0
DA:216,0
DA:218,0
DA:219,0
DA:223,0
DA:224,0
DA:225,0
DA:226,0
DA:232,0
DA:235,0
DA:236,0
DA:237,0
LF:76
LH:35
end_of_record
SF:lib/src/presentation/blocs/storage/storage_management_event.dart
DA:7,1
DA:9,0
DA:10,0
DA:15,1
DA:20,1
DA:25,1
DA:32,1
DA:34,0
DA:35,0
DA:43,1
DA:48,1
DA:49,3
DA:54,1
DA:65,1
DA:73,1
DA:74,1
DA:75,1
DA:76,1
DA:77,1
DA:78,1
DA:79,1
DA:88,1
DA:93,1
DA:94,3
DA:101,1
DA:103,1
DA:104,2
DA:112,1
DA:114,1
DA:115,3
LF:30
LH:26
end_of_record
SF:lib/src/core/services/download_service.dart
DA:35,0
DA:63,0
DA:64,0
DA:73,0
DA:74,0
DA:81,0
DA:87,0
DA:88,0
DA:96,0
DA:97,0
DA:99,0
DA:104,0
DA:105,0
DA:109,0
DA:110,0
DA:111,0
DA:112,0
DA:114,0
DA:115,0
DA:116,0
DA:117,0
DA:118,0
DA:123,0
DA:124,0
DA:128,0
DA:129,0
DA:130,0
DA:131,0
DA:132,0
DA:133,0
DA:134,0
DA:138,0
DA:139,0
DA:140,0
DA:141,0
DA:145,0
DA:146,0
DA:149,0
DA:150,0
DA:151,0
DA:153,0
DA:154,0
DA:157,0
DA:158,0
DA:160,0
DA:161,0
DA:164,0
DA:165,0
DA:166,0
DA:167,0
DA:170,0
DA:171,0
DA:175,0
DA:176,0
DA:177,0
DA:178,0
DA:181,0
DA:183,0
DA:186,0
DA:189,0
DA:190,0
DA:192,0
DA:193,0
DA:195,0
DA:199,0
DA:200,0
DA:201,0
DA:202,0
DA:203,0
DA:204,0
DA:206,0
DA:207,0
DA:208,0
DA:209,0
DA:210,0
DA:215,0
DA:218,0
DA:219,0
DA:220,0
DA:221,0
DA:224,0
DA:225,0
DA:226,0
DA:227,0
DA:231,0
DA:233,0
DA:234,0
DA:235,0
DA:236,0
DA:241,0
DA:242,0
DA:246,0
DA:247,0
DA:248,0
DA:249,0
DA:251,0
DA:252,0
DA:257,0
DA:258,0
DA:259,0
DA:260,0
DA:261,0
DA:263,0
DA:264,0
DA:265,0
DA:266,0
DA:271,0
DA:272,0
DA:273,0
DA:275,0
DA:276,0
LF:111
LH:0
end_of_record
SF:lib/src/core/services/media_lifecycle_service.dart
DA:18,3
DA:24,4
DA:25,6
DA:26,6
DA:27,6
DA:40,0
DA:51,0
DA:62,0
DA:63,0
DA:67,0
DA:69,0
DA:70,0
DA:71,0
DA:74,0
DA:78,0
DA:79,0
DA:80,0
DA:81,0
DA:82,0
DA:83,0
DA:84,0
DA:85,0
DA:86,0
DA:87,0
DA:88,0
DA:93,0
DA:98,0
DA:100,0
DA:102,0
DA:111,0
DA:112,0
DA:116,0
DA:117,0
DA:121,0
DA:122,0
DA:126,0
DA:131,0
DA:143,0
DA:149,0
DA:158,0
DA:163,0
DA:165,0
DA:166,0
DA:167,0
DA:168,0
DA:169,0
DA:171,0
DA:173,0
DA:174,0
DA:179,0
DA:181,0
DA:183,0
DA:187,0
DA:195,0
DA:199,0
DA:200,0
DA:201,0
DA:205,0
DA:206,0
DA:210,0
DA:211,0
DA:212,0
DA:213,0
DA:218,0
DA:220,0
DA:221,0
DA:222,0
DA:223,0
DA:228,0
DA:229,0
DA:230,0
DA:232,0
DA:233,0
DA:234,0
DA:235,0
DA:236,0
DA:237,0
DA:238,0
DA:245,0
DA:255,0
DA:256,0
DA:264,0
DA:265,0
DA:266,0
DA:267,0
DA:268,0
DA:270,0
DA:274,0
DA:275,0
DA:276,0
DA:280,0
DA:281,0
DA:289,0
DA:290,0
DA:291,0
DA:292,0
DA:293,0
DA:295,0
DA:304,0
DA:305,0
DA:306,0
DA:307,0
LF:102
LH:5
end_of_record
SF:lib/src/data/datasources/local/media_metadata_database.g.dart
DA:11,0
DA:166,0
DA:167,0
DA:168,0
DA:169,0
DA:170,0
DA:171,0
DA:172,0
DA:173,0
DA:174,0
DA:175,0
DA:176,0
DA:177,0
DA:178,0
DA:179,0
DA:180,0
DA:182,0
DA:183,0
DA:184,0
DA:187,0
DA:192,0
DA:193,0
DA:194,0
DA:195,0
DA:197,0
DA:200,0
DA:202,0
DA:203,0
DA:205,0
DA:208,0
DA:209,0
DA:211,0
DA:214,0
DA:216,0
DA:217,0
DA:219,0
DA:222,0
DA:223,0
DA:225,0
DA:226,0
DA:231,0
DA:233,0
DA:234,0
DA:236,0
DA:239,0
DA:240,0
DA:242,0
DA:245,0
DA:246,0
DA:248,0
DA:249,0
DA:254,0
DA:255,0
DA:257,0
DA:258,0
DA:263,0
DA:265,0
DA:266,0
DA:268,0
DA:269,0
DA:274,0
DA:276,0
DA:277,0
DA:279,0
DA:282,0
DA:283,0
DA:285,0
DA:288,0
DA:289,0
DA:291,0
DA:297,0
DA:298,0
DA:299,0
DA:301,0
DA:302,0
DA:303,0
DA:305,0
DA:307,0
DA:309,0
DA:311,0
DA:313,0
DA:315,0
DA:317,0
DA:319,0
DA:321,0
DA:323,0
DA:325,0
DA:327,0
DA:329,0
DA:331,0
DA:333,0
DA:335,0
DA:337,0
DA:339,0
DA:341,0
DA:343,0
DA:345,0
DA:347,0
DA:349,0
DA:351,0
DA:353,0
DA:358,0
DA:360,0
DA:403,0
DA:418,0
DA:420,0
DA:421,0
DA:422,0
DA:423,0
DA:424,0
DA:425,0
DA:427,0
DA:428,0
DA:429,0
DA:431,0
DA:432,0
DA:433,0
DA:434,0
DA:435,0
DA:436,0
DA:437,0
DA:439,0
DA:443,0
DA:444,0
DA:445,0
DA:446,0
DA:447,0
DA:448,0
DA:450,0
DA:451,0
DA:452,0
DA:454,0
DA:455,0
DA:456,0
DA:457,0
DA:458,0
DA:459,0
DA:460,0
DA:462,0
DA:463,0
DA:467,0
DA:471,0
DA:472,0
DA:473,0
DA:474,0
DA:475,0
DA:476,0
DA:477,0
DA:478,0
DA:479,0
DA:480,0
DA:481,0
DA:482,0
DA:483,0
DA:484,0
DA:485,0
DA:488,0
DA:490,0
DA:491,0
DA:492,0
DA:493,0
DA:494,0
DA:495,0
DA:496,0
DA:497,0
DA:498,0
DA:499,0
DA:500,0
DA:501,0
DA:502,0
DA:503,0
DA:504,0
DA:508,0
DA:522,0
DA:523,0
DA:524,0
DA:525,0
DA:526,0
DA:527,0
DA:528,0
DA:529,0
DA:530,0
DA:531,0
DA:532,0
DA:533,0
DA:534,0
DA:535,0
DA:537,0
DA:538,0
DA:539,0
DA:540,0
DA:541,0
DA:542,0
DA:543,0
DA:544,0
DA:545,0
DA:546,0
DA:547,0
DA:548,0
DA:549,0
DA:550,0
DA:551,0
DA:552,0
DA:553,0
DA:554,0
DA:555,0
DA:556,0
DA:557,0
DA:558,0
DA:559,0
DA:563,0
DA:565,0
DA:566,0
DA:567,0
DA:568,0
DA:569,0
DA:570,0
DA:571,0
DA:572,0
DA:573,0
DA:574,0
DA:575,0
DA:576,0
DA:577,0
DA:578,0
DA:579,0
DA:580,0
DA:583,0
DA:584,0
DA:585,0
DA:586,0
DA:587,0
DA:588,0
DA:589,0
DA:590,0
DA:591,0
DA:592,0
DA:593,0
DA:594,0
DA:595,0
DA:596,0
DA:597,0
DA:599,0
DA:602,0
DA:603,0
DA:604,0
DA:605,0
DA:606,0
DA:607,0
DA:608,0
DA:609,0
DA:610,0
DA:611,0
DA:612,0
DA:613,0
DA:614,0
DA:615,0
DA:633,0
DA:649,0
DA:664,0
DA:665,0
DA:666,0
DA:667,0
DA:668,0
DA:669,0
DA:685,0
DA:686,0
DA:687,0
DA:688,0
DA:689,0
DA:690,0
DA:691,0
DA:692,0
DA:693,0
DA:694,0
DA:695,0
DA:696,0
DA:697,0
DA:698,0
DA:699,0
DA:703,0
DA:719,0
DA:720,0
DA:721,0
DA:722,0
DA:723,0
DA:724,0
DA:725,0
DA:726,0
DA:727,0
DA:728,0
DA:729,0
DA:730,0
DA:731,0
DA:732,0
DA:733,0
DA:737,0
DA:739,0
DA:740,0
DA:741,0
DA:743,0
DA:744,0
DA:746,0
DA:747,0
DA:749,0
DA:750,0
DA:752,0
DA:753,0
DA:755,0
DA:756,0
DA:758,0
DA:759,0
DA:761,0
DA:762,0
DA:764,0
DA:765,0
DA:767,0
DA:768,0
DA:770,0
DA:771,0
DA:773,0
DA:774,0
DA:776,0
DA:777,0
DA:779,0
DA:780,0
DA:785,0
DA:787,0
DA:788,0
DA:789,0
DA:790,0
DA:791,0
DA:792,0
DA:793,0
DA:794,0
DA:795,0
DA:796,0
DA:797,0
DA:798,0
DA:799,0
DA:800,0
DA:801,0
DA:802,0
DA:803,0
DA:808,0
DA:809,0
DA:810,0
DA:812,0
DA:814,0
DA:815,0
DA:816,0
DA:856,0
DA:863,0
DA:864,0
DA:865,0
DA:868,0
DA:869,0
DA:870,0
DA:873,0
DA:874,0
DA:875,0
DA:878,0
DA:879,0
DA:880,0
DA:883,0
DA:884,0
DA:885,0
DA:888,0
DA:889,0
DA:890,0
DA:893,0
DA:894,0
DA:895,0
DA:898,0
DA:899,0
DA:900,0
DA:903,0
DA:904,0
DA:905,0
DA:908,0
DA:909,0
DA:910,0
DA:913,0
DA:914,0
DA:915,0
DA:918,0
DA:919,0
DA:920,0
DA:923,0
DA:924,0
DA:925,0
DA:931,0
DA:938,0
DA:939,0
DA:940,0
DA:943,0
DA:944,0
DA:945,0
DA:948,0
DA:949,0
DA:950,0
DA:953,0
DA:954,0
DA:955,0
DA:958,0
DA:959,0
DA:960,0
DA:963,0
DA:964,0
DA:965,0
DA:968,0
DA:969,0
DA:970,0
DA:973,0
DA:974,0
DA:975,0
DA:978,0
DA:979,0
DA:980,0
DA:983,0
DA:984,0
DA:985,0
DA:988,0
DA:989,0
DA:990,0
DA:993,0
DA:994,0
DA:995,0
DA:998,0
DA:999,0
DA:1000,0
DA:1006,0
DA:1013,0
DA:1014,0
DA:1016,0
DA:1017,0
DA:1019,0
DA:1020,0
DA:1022,0
DA:1023,0
DA:1025,0
DA:1026,0
DA:1027,0
DA:1030,0
DA:1031,0
DA:1033,0
DA:1034,0
DA:1036,0
DA:1037,0
DA:1038,0
DA:1041,0
DA:1042,0
DA:1043,0
DA:1046,0
DA:1047,0
DA:1048,0
DA:1051,0
DA:1052,0
DA:1054,0
DA:1055,0
DA:1057,0
DA:1058,0
DA:1083,0
DA:1086,0
DA:1087,0
DA:1090,0
DA:1091,0
DA:1092,0
DA:1093,0
DA:1094,0
DA:1095,0
DA:1097,0
DA:1112,0
DA:1129,0
DA:1144,0
DA:1160,0
DA:1161,0
DA:1162,0
DA:1188,0
DA:1189,0
DA:1190,0
LF:481
LH:0
end_of_record
SF:lib/src/data/datasources/local/media_metadata_database.dart
DA:14,0
DA:17,0
DA:20,0
DA:23,0
DA:26,0
DA:29,0
DA:32,0
DA:35,0
DA:36,0
DA:39,0
DA:42,0
DA:45,0
DA:46,0
DA:49,0
DA:52,0
DA:53,0
DA:55,0
DA:56,0
DA:61,0
DA:66,0
DA:68,0
DA:73,0
DA:75,0
DA:78,0
DA:81,0
DA:82,0
DA:83,0
DA:84,0
DA:86,0
DA:92,0
DA:93,0
DA:95,0
DA:96,0
DA:97,0
DA:99,0
DA:109,0
DA:110,0
DA:114,0
DA:115,0
DA:116,0
DA:117,0
DA:122,0
DA:123,0
DA:124,0
DA:125,0
DA:127,0
DA:132,0
DA:133,0
DA:134,0
DA:142,0
DA:143,0
DA:144,0
DA:145,0
DA:146,0
DA:147,0
DA:148,0
DA:150,0
DA:152,0
DA:154,0
DA:157,0
DA:158,0
DA:159,0
DA:160,0
DA:161,0
DA:162,0
DA:163,0
DA:165,0
DA:167,0
DA:168,0
DA:169,0
DA:170,0
DA:171,0
DA:172,0
DA:173,0
DA:177,0
DA:186,0
DA:192,0
DA:193,0
DA:194,0
DA:195,0
DA:196,0
DA:199,0
DA:200,0
DA:203,0
DA:206,0
DA:209,0
DA:210,0
DA:214,0
DA:215,0
DA:216,0
DA:218,0
DA:222,0
DA:223,0
DA:224,0
DA:225,0
DA:226,0
DA:230,0
DA:231,0
DA:232,0
DA:233,0
DA:234,0
DA:235,0
DA:236,0
DA:238,0
DA:239,0
DA:240,0
DA:241,0
DA:245,0
DA:246,0
DA:247,0
DA:248,0
DA:249,0
DA:250,0
DA:251,0
DA:253,0
DA:257,0
DA:262,0
DA:263,0
DA:264,0
DA:266,0
DA:269,0
DA:273,0
DA:274,0
DA:275,0
DA:277,0
DA:281,0
DA:282,0
DA:283,0
DA:284,0
DA:285,0
DA:286,0
DA:288,0
DA:289,0
DA:290,0
DA:291,0
DA:292,0
DA:293,0
DA:294,0
DA:296,0
DA:297,0
DA:298,0
DA:300,0
DA:305,0
DA:306,0
DA:312,0
DA:313,0
DA:314,0
DA:315,0
DA:316,0
DA:317,0
DA:319,0
DA:320,0
DA:333,0
DA:343,1
DA:350,0
DA:351,0
DA:352,0
DA:353,0
DA:362,0
LF:159
LH:1
end_of_record
SF:lib/src/core/services/storage_manager_service.dart
DA:16,1
DA:24,3
DA:25,3
DA:26,3
DA:27,3
DA:28,3
DA:30,5
DA:31,9
DA:32,22
DA:33,15
DA:34,20
DA:36,10
DA:48,0
DA:56,3
DA:77,6
DA:78,6
DA:90,0
DA:96,0
DA:99,0
DA:100,0
DA:101,0
DA:102,0
DA:106,0
DA:107,0
DA:112,0
DA:115,0
DA:116,0
DA:117,0
DA:118,0
DA:120,0
DA:121,0
DA:122,0
DA:123,0
DA:125,0
DA:130,0
DA:131,0
DA:138,0
DA:139,0
DA:142,0
DA:148,0
DA:149,0
DA:150,0
DA:154,0
DA:155,0
DA:156,0
DA:160,0
DA:162,0
DA:163,0
DA:164,0
DA:166,0
DA:167,0
DA:168,0
DA:169,0
DA:172,0
DA:176,0
DA:178,0
DA:183,0
DA:185,0
DA:186,0
DA:187,0
DA:188,0
DA:189,0
DA:190,0
DA:193,0
DA:198,0
DA:199,0
DA:203,0
DA:208,0
DA:210,0
DA:211,0
DA:214,0
DA:216,0
DA:217,0
DA:219,0
DA:220,0
DA:222,0
DA:223,0
DA:225,0
DA:226,0
DA:231,0
DA:232,0
DA:233,0
DA:234,0
DA:236,0
DA:238,0
DA:243,0
DA:245,0
DA:246,0
DA:251,0
DA:256,0
DA:258,0
DA:259,0
DA:261,0
DA:263,0
DA:264,0
DA:265,0
DA:266,0
DA:268,0
DA:270,0
DA:275,0
DA:277,0
DA:278,0
DA:283,0
DA:285,0
DA:286,0
DA:288,0
DA:289,0
DA:290,0
DA:292,0
DA:294,0
DA:299,0
DA:300,0
DA:301,0
DA:302,0
DA:303,0
DA:304,0
DA:305,0
DA:307,0
DA:313,0
DA:314,0
DA:315,0
DA:316,0
DA:324,0
DA:327,0
DA:328,0
DA:332,0
DA:335,0
DA:336,0
DA:337,0
DA:341,0
LF:130
LH:15
end_of_record
SF:lib/src/presentation/blocs/story/story_state.dart
DA:25,3
DA:35,3
DA:37,3
DA:38,3
DA:39,3
DA:40,3
DA:41,3
DA:42,3
DA:43,3
DA:44,3
DA:47,3
DA:56,3
DA:57,3
DA:58,3
DA:59,3
DA:60,3
DA:61,3
DA:62,3
DA:67,3
DA:70,3
DA:73,1
DA:75,1
DA:76,0
DA:82,4
DA:85,10
LF:25
LH:24
end_of_record
SF:lib/src/domain/entities/story_entity.dart
DA:58,4
DA:79,4
DA:82,3
DA:85,3
DA:88,6
DA:91,1
DA:92,1
DA:93,2
DA:94,2
DA:98,1
DA:99,1
DA:100,1
DA:101,2
DA:102,2
DA:104,2
DA:108,4
DA:110,3
DA:129,3
DA:130,3
DA:131,3
DA:132,3
DA:133,3
DA:134,3
DA:135,3
DA:136,3
DA:137,3
DA:138,3
DA:139,3
DA:140,1
DA:141,3
DA:142,3
DA:143,3
DA:144,3
DA:145,3
DA:146,3
DA:150,1
DA:151,1
DA:152,1
DA:153,1
DA:154,1
DA:155,1
DA:156,1
DA:157,1
DA:158,1
DA:159,1
DA:160,1
DA:161,0
DA:162,2
DA:163,2
DA:164,1
DA:165,1
DA:166,1
DA:167,0
DA:168,1
DA:169,1
DA:170,1
DA:171,1
DA:172,1
DA:173,1
DA:174,1
DA:178,1
DA:179,1
DA:180,1
DA:181,1
DA:182,1
DA:183,1
DA:184,1
DA:185,1
DA:186,3
DA:187,2
DA:188,2
DA:189,3
DA:190,1
DA:191,1
DA:192,1
DA:193,1
DA:194,1
DA:195,1
DA:196,1
DA:200,1
DA:201,1
DA:202,1
DA:203,1
DA:204,1
DA:205,1
DA:206,1
DA:207,1
DA:208,1
DA:209,1
DA:210,1
DA:211,1
DA:212,1
DA:213,1
DA:214,1
DA:215,1
DA:216,1
DA:217,1
DA:218,1
DA:251,1
DA:263,1
DA:264,1
DA:265,1
DA:266,4
DA:267,1
DA:269,1
DA:270,1
DA:271,1
DA:272,1
DA:273,1
DA:274,1
DA:275,1
DA:276,1
DA:280,1
DA:281,1
DA:282,2
DA:283,1
DA:284,1
DA:285,1
DA:286,1
DA:287,1
DA:288,1
DA:289,1
DA:290,1
DA:294,1
DA:295,1
DA:296,1
DA:297,1
DA:298,1
DA:299,1
DA:300,1
DA:301,1
DA:302,1
DA:303,1
DA:304,1
DA:328,2
DA:335,1
DA:336,1
DA:337,1
DA:338,1
DA:339,1
DA:340,2
DA:344,1
DA:345,1
DA:346,1
DA:347,1
DA:348,1
DA:349,2
DA:353,1
DA:354,5
DA:379,5
DA:389,6
DA:392,3
DA:395,3
DA:398,5
DA:400,2
DA:408,2
DA:409,2
DA:410,2
DA:411,2
DA:412,1
DA:413,2
DA:414,2
DA:418,1
DA:419,1
DA:420,1
DA:421,1
DA:422,1
DA:423,1
DA:424,1
DA:425,1
LF:170
LH:168
end_of_record
SF:lib/src/presentation/blocs/chat_folder/chat_folder_state.dart
DA:19,3
DA:26,3
DA:29,1
DA:30,2
DA:31,1
DA:35,2
DA:36,8
DA:39,3
DA:40,13
DA:42,3
DA:49,3
DA:50,2
DA:51,3
DA:52,3
DA:53,3
DA:57,3
DA:58,15
LF:17
LH:17
end_of_record
SF:lib/src/domain/entities/chat_folder_entity.dart
DA:46,5
DA:72,4
DA:126,3
DA:127,2
DA:128,2
DA:131,2
DA:140,4
DA:145,4
DA:146,4
DA:150,2
DA:159,3
DA:160,3
DA:161,3
DA:162,3
DA:163,3
DA:164,3
DA:165,3
DA:166,3
DA:167,3
DA:168,3
DA:169,3
DA:170,3
DA:171,3
DA:172,3
DA:173,3
DA:176,4
DA:191,4
DA:192,4
DA:193,1
DA:194,4
DA:195,4
DA:196,3
DA:197,4
DA:198,4
DA:199,4
DA:200,4
DA:201,4
DA:202,4
DA:203,3
DA:204,4
DA:208,3
DA:209,3
DA:210,3
DA:211,3
DA:212,3
DA:213,3
DA:214,3
DA:215,3
DA:216,3
DA:217,6
DA:218,3
DA:219,3
DA:220,3
DA:224,2
DA:225,2
DA:226,2
DA:227,2
DA:228,2
DA:229,2
DA:230,2
DA:231,4
DA:232,4
DA:233,2
DA:234,4
DA:236,2
DA:237,2
DA:238,2
DA:272,4
DA:285,2
DA:295,2
DA:296,2
DA:299,2
DA:300,2
DA:301,0
DA:304,3
DA:305,2
DA:306,2
DA:307,2
DA:312,4
DA:313,4
DA:314,4
DA:315,4
DA:316,4
DA:317,4
DA:318,4
DA:319,4
DA:320,4
DA:321,4
DA:322,4
DA:325,1
DA:336,1
DA:337,1
DA:338,1
DA:339,1
DA:340,1
DA:341,1
DA:342,1
DA:343,1
DA:344,1
DA:345,1
DA:349,3
DA:350,3
DA:351,3
DA:352,3
DA:353,3
DA:354,3
DA:355,3
DA:356,3
DA:357,3
DA:358,3
DA:359,3
DA:363,2
DA:364,2
DA:365,2
DA:366,2
DA:367,2
DA:368,2
DA:369,2
DA:370,2
DA:371,2
DA:372,2
DA:373,2
LF:122
LH:121
end_of_record
SF:lib/src/presentation/blocs/auth/auth_state.dart
DA:143,3
DA:161,1
DA:178,2
DA:179,8
DA:182,1
DA:183,2
DA:184,3
DA:185,3
DA:188,4
DA:191,6
DA:194,6
DA:196,3
DA:212,3
DA:213,3
DA:214,3
DA:217,3
DA:218,3
DA:220,3
DA:221,3
DA:222,3
DA:223,3
DA:224,3
DA:225,3
DA:226,3
DA:227,3
DA:231,3
DA:232,3
DA:233,3
DA:234,3
DA:235,3
DA:236,3
DA:237,3
DA:238,3
DA:239,3
DA:240,3
DA:241,3
DA:242,3
DA:243,3
DA:244,3
DA:245,3
DA:246,3
DA:249,3
DA:250,11
LF:43
LH:43
end_of_record
SF:lib/src/presentation/blocs/favorite/favorite_event.dart
DA:4,1
DA:6,0
DA:7,0
DA:14,1
DA:16,1
DA:17,2
DA:24,1
DA:26,1
DA:27,2
DA:34,1
DA:36,1
DA:37,2
DA:45,1
DA:50,1
DA:51,3
DA:59,1
DA:64,1
DA:65,3
DA:72,1
DA:74,1
DA:75,2
LF:21
LH:19
end_of_record
SF:lib/src/presentation/blocs/message_action/message_action_state.dart
DA:8,3
DA:10,1
DA:11,1
DA:16,1
DA:23,1
DA:25,3
DA:26,6
DA:34,1
DA:36,1
DA:37,3
DA:45,1
DA:47,3
DA:48,9
DA:56,3
DA:58,3
DA:59,9
DA:66,2
DA:68,12
DA:69,12
DA:71,1
DA:72,4
DA:74,6
DA:81,1
DA:83,1
DA:84,2
DA:92,3
DA:94,3
DA:95,9
LF:28
LH:28
end_of_record
SF:lib/src/domain/entities/message_reaction_entity.dart
DA:15,3
DA:17,1
DA:24,3
DA:27,1
DA:28,2
DA:29,3
DA:30,2
DA:32,6
DA:35,1
DA:36,4
DA:38,1
DA:43,1
DA:44,1
DA:45,0
DA:46,0
DA:51,1
DA:52,2
DA:53,1
DA:54,3
DA:55,3
DA:60,1
DA:61,2
DA:62,2
DA:64,3
DA:65,2
DA:66,2
DA:67,1
DA:70,1
LF:28
LH:26
end_of_record
SF:lib/src/presentation/blocs/search/search_bloc.dart
DA:15,4
DA:16,2
DA:17,2
DA:18,2
DA:20,4
DA:21,4
DA:22,4
DA:23,4
DA:24,4
DA:25,4
DA:26,4
DA:27,4
DA:28,2
DA:29,2
DA:30,2
DA:32,4
DA:33,4
DA:34,4
DA:35,4
DA:39,2
DA:40,6
DA:43,2
DA:47,4
DA:49,2
DA:50,2
DA:51,2
DA:55,6
DA:58,4
DA:60,2
DA:62,4
DA:64,4
DA:66,2
DA:70,3
DA:74,1
DA:78,3
DA:81,1
DA:85,3
DA:88,1
DA:92,1
DA:93,4
DA:95,3
DA:99,1
DA:103,2
DA:104,2
DA:107,1
DA:111,2
DA:112,2
DA:115,1
DA:119,3
DA:120,2
DA:122,2
DA:123,2
DA:124,0
DA:125,0
DA:129,1
DA:133,2
DA:135,2
DA:136,1
DA:137,0
DA:138,0
DA:142,1
DA:146,2
DA:147,1
DA:148,3
DA:152,1
DA:156,2
DA:158,1
DA:159,2
DA:160,2
DA:165,2
DA:166,2
DA:171,2
DA:172,1
DA:175,2
DA:177,3
DA:181,1
DA:185,2
DA:186,1
DA:187,2
DA:188,2
DA:189,2
DA:190,3
DA:197,1
DA:201,2
DA:202,1
DA:203,2
DA:204,2
DA:205,2
DA:206,3
DA:213,1
DA:217,2
DA:218,1
DA:219,6
DA:220,2
DA:221,2
DA:222,1
DA:229,1
DA:233,2
DA:235,1
DA:236,2
DA:238,2
DA:241,2
DA:242,1
DA:244,2
DA:246,2
LF:105
LH:101
end_of_record
SF:lib/src/presentation/blocs/search/search_event.dart
DA:7,5
DA:9,0
DA:10,0
DA:18,1
DA:20,1
DA:21,3
DA:28,1
DA:30,1
DA:31,2
DA:38,1
DA:40,0
DA:41,0
DA:49,1
DA:51,1
DA:52,3
DA:57,4
DA:62,4
DA:69,0
DA:71,0
DA:72,0
DA:77,4
DA:84,0
DA:86,1
DA:87,2
DA:95,1
DA:97,0
DA:98,0
DA:103,5
DA:108,5
DA:115,1
DA:117,1
DA:118,2
DA:123,1
LF:33
LH:23
end_of_record
SF:lib/src/presentation/blocs/search/search_state.dart
DA:7,6
DA:9,0
DA:10,0
DA:17,6
DA:19,2
DA:20,4
DA:28,2
DA:30,3
DA:31,9
DA:40,2
DA:46,2
DA:47,8
DA:49,1
DA:54,1
DA:55,1
DA:56,0
DA:57,1
DA:62,0
DA:63,0
DA:64,0
DA:65,0
DA:66,0
DA:67,0
DA:68,0
DA:69,0
DA:70,0
DA:71,0
DA:72,0
DA:73,0
DA:82,2
DA:84,3
DA:85,6
DA:93,1
DA:98,1
DA:99,3
DA:101,1
DA:105,1
DA:106,1
DA:107,1
LF:39
LH:24
end_of_record
SF:lib/src/core/services/biometric_service.dart
DA:31,5
DA:37,1
DA:39,1
DA:43,1
DA:81,4
DA:84,1
DA:86,2
DA:87,2
DA:88,0
DA:89,0
DA:90,0
DA:92,0
DA:94,0
DA:95,0
DA:98,0
DA:104,0
DA:106,0
DA:107,0
DA:108,0
DA:109,0
DA:110,0
DA:115,0
DA:116,0
DA:117,0
DA:121,0
DA:122,0
DA:123,0
DA:127,0
DA:128,0
DA:130,0
DA:131,0
DA:132,0
DA:133,0
DA:134,0
DA:135,0
DA:148,0
DA:158,0
DA:165,0
DA:167,0
DA:172,0
DA:173,0
DA:174,0
DA:179,0
DA:181,0
DA:182,0
DA:183,0
DA:189,0
DA:193,0
DA:194,0
DA:197,0
DA:200,0
DA:203,0
DA:208,0
DA:211,0
DA:218,0
DA:220,0
DA:222,0
DA:224,0
DA:226,0
DA:228,0
DA:235,0
LF:61
LH:8
end_of_record
SF:lib/src/presentation/blocs/auth/auth_bloc.dart
DA:23,3
DA:28,2
DA:29,2
DA:30,3
DA:31,6
DA:32,6
DA:33,6
DA:34,6
DA:35,6
DA:36,6
DA:37,6
DA:38,6
DA:39,6
DA:40,6
DA:41,6
DA:42,6
DA:43,6
DA:44,6
DA:45,6
DA:46,6
DA:47,6
DA:48,6
DA:49,6
DA:50,6
DA:51,6
DA:52,6
DA:53,6
DA:54,6
DA:55,6
DA:56,6
DA:57,6
DA:58,6
DA:59,6
DA:60,6
DA:61,6
DA:62,6
DA:65,12
DA:66,0
DA:67,0
DA:68,0
DA:75,1
DA:79,3
DA:81,2
DA:82,2
DA:83,3
DA:88,1
DA:89,1
DA:91,3
DA:96,1
DA:100,3
DA:105,2
DA:106,1
DA:107,1
DA:108,1
DA:109,1
DA:112,2
DA:113,3
DA:115,1
DA:118,1
DA:120,1
DA:122,1
DA:124,2
DA:126,3
DA:128,1
DA:129,1
DA:135,1
DA:139,3
DA:142,1
DA:144,2
DA:146,2
DA:152,1
DA:156,3
DA:161,2
DA:162,1
DA:163,1
DA:164,1
DA:165,1
DA:166,1
DA:169,2
DA:170,3
DA:172,1
DA:175,1
DA:177,1
DA:178,1
DA:180,0
DA:182,0
DA:183,0
DA:189,2
DA:191,2
DA:192,4
DA:194,0
DA:199,2
DA:201,2
DA:202,4
DA:204,0
DA:209,1
DA:211,1
DA:212,2
DA:214,0
DA:219,1
DA:223,3
DA:229,3
DA:230,3
DA:233,1
DA:236,3
DA:238,1
DA:244,1
DA:248,3
DA:250,2
DA:252,2
DA:253,3
DA:255,1
DA:258,1
DA:260,1
DA:262,2
DA:264,3
DA:271,1
DA:276,3
DA:278,2
DA:279,1
DA:280,1
DA:285,2
DA:286,3
DA:291,3
DA:297,3
DA:299,1
DA:305,1
DA:310,3
DA:312,3
DA:316,2
DA:317,3
DA:322,3
DA:328,3
DA:330,1
DA:336,1
DA:341,3
DA:344,1
DA:345,3
DA:349,1
DA:350,1
DA:351,1
DA:352,1
DA:353,1
DA:356,2
DA:357,1
DA:358,1
DA:359,1
DA:360,1
DA:361,1
DA:366,2
DA:369,2
DA:370,5
DA:371,3
DA:376,3
DA:378,1
DA:384,2
DA:389,4
DA:392,4
DA:395,5
DA:396,3
DA:401,1
DA:403,2
DA:407,6
DA:416,1
DA:420,3
DA:426,2
DA:427,1
DA:428,1
DA:432,3
DA:436,3
DA:443,0
DA:444,0
DA:447,0
DA:449,0
DA:457,1
DA:461,3
DA:467,2
DA:468,1
DA:469,1
DA:470,1
DA:471,1
DA:475,3
DA:479,0
DA:485,0
DA:487,0
DA:493,1
DA:497,3
DA:503,2
DA:504,1
DA:505,1
DA:509,3
DA:513,1
DA:515,3
DA:522,0
DA:523,0
DA:526,0
DA:538,0
DA:542,0
DA:548,0
DA:549,0
DA:552,0
DA:559,0
DA:560,0
DA:562,0
DA:563,0
DA:564,0
DA:565,0
DA:568,0
DA:569,0
DA:571,0
DA:573,0
DA:575,0
DA:576,0
DA:578,0
DA:580,0
DA:581,0
DA:585,0
DA:587,0
DA:588,0
DA:591,0
DA:593,0
DA:599,0
DA:603,0
DA:609,0
DA:610,0
DA:613,0
DA:621,0
DA:622,0
DA:624,0
DA:625,0
DA:626,0
DA:627,0
DA:630,0
DA:631,0
DA:633,0
DA:635,0
DA:637,0
DA:639,0
DA:641,0
DA:643,0
DA:644,0
DA:648,0
DA:649,0
DA:651,0
DA:657,0
DA:661,0
DA:668,0
DA:669,0
DA:670,0
DA:673,0
DA:675,0
DA:678,0
DA:680,0
DA:681,0
DA:685,0
DA:687,0
DA:688,0
DA:692,0
DA:693,0
DA:695,0
DA:701,0
DA:705,0
DA:711,0
DA:712,0
DA:715,0
DA:723,0
DA:724,0
DA:726,0
DA:727,0
DA:728,0
DA:729,0
DA:732,0
DA:733,0
DA:735,0
DA:737,0
DA:739,0
DA:741,0
DA:743,0
DA:745,0
DA:746,0
DA:750,0
DA:751,0
DA:759,0
DA:763,0
DA:769,0
DA:770,0
DA:773,0
DA:781,0
DA:782,0
DA:784,0
DA:785,0
DA:786,0
DA:787,0
DA:790,0
DA:791,0
DA:793,0
DA:795,0
DA:797,0
DA:799,0
DA:801,0
DA:803,0
DA:804,0
DA:808,0
DA:809,0
DA:817,0
DA:821,0
DA:827,0
DA:828,0
DA:831,0
DA:839,0
DA:840,0
DA:842,0
DA:848,0
DA:849,0
DA:851,0
DA:853,0
DA:855,0
DA:857,0
DA:859,0
DA:861,0
DA:862,0
DA:866,0
DA:869,0
DA:871,0
DA:874,0
DA:886,1
DA:890,3
DA:896,2
DA:897,1
DA:898,1
DA:902,3
DA:906,0
DA:913,0
DA:914,0
DA:916,0
DA:919,0
DA:927,1
DA:931,3
DA:937,2
DA:938,1
DA:939,1
DA:943,3
DA:945,1
DA:948,0
DA:955,0
DA:958,0
DA:966,1
DA:971,2
DA:972,3
DA:976,3
DA:985,1
DA:990,2
DA:991,2
DA:993,2
DA:996,3
DA:1002,3
DA:1004,0
DA:1009,1
DA:1013,3
DA:1020,2
DA:1022,3
DA:1030,2
DA:1032,3
DA:1040,2
DA:1042,3
DA:1050,2
DA:1054,1
DA:1055,3
DA:1057,1
DA:1063,1
DA:1064,1
DA:1065,1
DA:1067,2
DA:1074,2
DA:1075,3
DA:1077,1
DA:1080,1
DA:1082,2
DA:1084,2
DA:1086,3
DA:1088,1
DA:1089,1
DA:1093,0
DA:1094,0
DA:1096,0
DA:1102,1
DA:1108,2
DA:1110,3
DA:1117,2
DA:1119,3
DA:1126,2
DA:1130,1
[...]
DA:291,0
DA:292,0
DA:293,0
DA:294,0
DA:295,0
DA:298,0
DA:299,0
DA:300,0
DA:304,0
DA:305,0
DA:307,0
DA:308,0
DA:310,0
DA:311,0
DA:321,0
DA:322,0
DA:330,0
DA:331,0
DA:332,0
DA:333,0
DA:345,0
DA:346,0
DA:348,0
DA:351,0
DA:354,0
DA:356,0
DA:357,0
DA:358,0
DA:359,0
DA:360,0
DA:364,0
DA:365,0
DA:366,0
DA:367,0
DA:368,0
DA:372,0
DA:375,0
DA:376,0
DA:377,0
DA:378,0
DA:393,0
DA:394,0
DA:395,0
DA:396,0
DA:397,0
DA:398,0
DA:400,0
DA:401,0
DA:403,0
DA:409,0
DA:411,0
DA:412,0
DA:441,0
DA:450,0
DA:452,0
DA:457,0
DA:462,0
DA:465,0
DA:466,0
DA:469,0
DA:470,0
DA:471,0
DA:473,0
DA:476,0
DA:478,0
DA:483,0
DA:485,0
DA:486,0
DA:487,0
DA:490,0
DA:491,0
DA:492,0
DA:493,0
DA:496,0
DA:498,0
DA:499,0
DA:500,0
DA:501,0
DA:502,0
DA:503,0
DA:505,0
DA:507,0
DA:508,0
DA:509,0
DA:510,0
DA:511,0
DA:512,0
DA:513,0
DA:519,0
DA:524,0
DA:537,0
DA:540,0
DA:542,0
DA:544,0
DA:545,0
DA:546,0
DA:563,0
DA:564,0
DA:565,0
DA:577,0
LF:191
LH:0
end_of_record
SF:lib/src/presentation/widgets/chat/markdown_message_widget.dart
DA:9,3
DA:10,1
DA:11,1
DA:12,1
DA:13,1
DA:14,1
DA:15,1
DA:16,1
DA:17,1
DA:18,1
DA:19,1
DA:20,1
DA:21,1
DA:22,1
DA:26,1
DA:28,2
DA:29,1
DA:43,0
DA:50,0
DA:52,0
DA:53,0
DA:57,0
DA:58,0
DA:61,0
DA:62,0
DA:65,0
DA:67,0
DA:70,0
DA:71,0
DA:74,0
DA:76,0
DA:77,0
DA:82,0
DA:83,0
DA:84,0
DA:85,0
DA:86,0
DA:87,0
DA:89,0
DA:90,0
DA:93,0
DA:94,0
DA:98,0
DA:100,0
DA:101,0
DA:102,0
DA:106,0
DA:107,0
DA:108,0
DA:109,0
DA:116,0
DA:121,0
DA:122,0
DA:126,0
DA:127,0
DA:128,0
DA:129,0
DA:135,0
DA:137,0
DA:138,0
DA:139,0
DA:140,0
LF:62
LH:17
end_of_record
SF:lib/src/presentation/widgets/chat/message_bubble.dart
DA:66,0
DA:86,0
DA:88,0
DA:90,0
DA:91,0
DA:93,0
DA:94,0
DA:95,0
DA:98,0
DA:99,0
DA:101,0
DA:103,0
DA:105,0
DA:107,0
DA:109,0
DA:110,0
DA:113,0
DA:114,0
DA:116,0
DA:117,0
DA:119,0
DA:120,0
DA:122,0
DA:123,0
DA:132,0
DA:135,0
DA:137,0
DA:138,0
DA:143,0
DA:144,0
DA:145,0
DA:146,0
DA:151,0
DA:153,0
DA:162,0
DA:163,0
DA:171,0
DA:173,0
DA:174,0
DA:175,0
DA:176,0
DA:179,0
DA:180,0
DA:181,0
DA:182,0
DA:185,0
DA:187,0
DA:190,0
DA:191,0
DA:192,0
DA:197,0
DA:198,0
DA:199,0
DA:200,0
DA:203,0
DA:208,0
DA:210,0
DA:211,0
DA:212,0
DA:213,0
DA:214,0
DA:227,0
DA:230,0
DA:231,0
DA:234,0
DA:235,0
DA:236,0
DA:238,0
DA:242,0
DA:243,0
DA:244,0
DA:249,0
DA:263,0
DA:264,0
DA:265,0
DA:266,0
DA:268,0
DA:272,0
DA:277,0
DA:288,0
DA:289,0
DA:290,0
DA:291,0
DA:307,0
DA:308,0
DA:309,0
DA:310,0
DA:313,0
DA:314,0
DA:331,0
DA:345,0
DA:347,0
DA:349,0
DA:353,0
DA:355,0
DA:356,0
DA:357,0
DA:358,0
DA:359,0
DA:360,0
DA:361,0
DA:362,0
DA:363,0
DA:364,0
DA:366,0
DA:367,0
DA:368,0
DA:369,0
LF:108
LH:0
end_of_record
SF:lib/src/presentation/widgets/chat/time_separator.dart
DA:17,0
DA:23,0
DA:25,0
DA:27,0
DA:28,0
DA:30,0
DA:32,0
DA:34,0
DA:35,0
DA:57,0
DA:63,0
DA:65,0
DA:67,0
DA:68,0
DA:73,0
DA:74,0
DA:75,0
DA:76,0
DA:86,0
DA:89,0
DA:90,0
DA:91,0
DA:94,0
DA:95,0
DA:96,0
DA:101,0
DA:102,0
DA:109,0
DA:113,0
DA:114,0
DA:115,0
DA:119,0
DA:120,0
DA:137,0
DA:156,0
DA:163,0
DA:165,0
DA:167,0
DA:168,0
DA:169,0
DA:170,0
DA:172,0
DA:173,0
DA:174,0
DA:177,0
DA:179,0
DA:181,0
DA:183,0
DA:186,0
DA:188,0
DA:190,0
DA:191,0
DA:203,0
DA:204,0
DA:209,0
DA:210,0
DA:211,0
DA:212,0
DA:213,0
DA:238,0
DA:244,0
DA:245,0
DA:252,0
DA:254,0
DA:255,0
DA:258,0
DA:261,0
DA:263,0
DA:264,0
DA:267,0
DA:269,0
DA:273,0
DA:275,0
DA:276,0
DA:277,0
DA:278,0
DA:279,0
DA:280,0
DA:282,0
DA:283,0
DA:284,0
DA:285,0
DA:286,0
DA:287,0
DA:289,0
DA:293,0
DA:294,0
DA:303,0
DA:304,0
DA:305,0
DA:306,0
LF:91
LH:0
end_of_record
SF:lib/src/presentation/widgets/chat/transfer_message_widget.dart
DA:25,0
DA:35,0
DA:36,0
DA:37,0
DA:39,0
DA:41,0
DA:43,0
DA:50,0
DA:52,0
DA:53,0
DA:54,0
DA:56,0
DA:57,0
DA:58,0
DA:60,0
DA:62,0
DA:64,0
DA:66,0
DA:67,0
DA:69,0
DA:72,0
DA:73,0
DA:76,0
DA:77,0
DA:79,0
DA:85,0
DA:86,0
DA:88,0
DA:89,0
DA:90,0
DA:91,0
DA:94,0
DA:98,0
DA:99,0
DA:100,0
DA:102,0
DA:113,0
DA:115,0
DA:116,0
DA:122,0
DA:123,0
DA:124,0
DA:126,0
DA:136,0
DA:137,0
DA:138,0
DA:140,0
DA:142,0
DA:143,0
DA:148,0
DA:149,0
DA:150,0
DA:151,0
DA:152,0
DA:153,0
DA:154,0
DA:155,0
DA:159,0
DA:160,0
DA:161,0
DA:162,0
DA:164,0
DA:165,0
DA:170,0
DA:171,0
DA:172,0
DA:173,0
DA:174,0
DA:175,0
DA:176,0
DA:177,0
DA:178,0
DA:179,0
DA:180,0
DA:181,0
DA:182,0
DA:183,0
DA:213,0
DA:222,0
DA:224,0
DA:235,0
DA:236,0
DA:237,0
DA:239,0
DA:241,0
DA:244,0
DA:245,0
DA:246,0
DA:249,0
DA:251,0
DA:253,0
DA:255,0
DA:257,0
DA:261,0
DA:262,0
DA:265,0
DA:266,0
DA:267,0
DA:270,0
DA:276,0
DA:278,0
DA:279,0
DA:280,0
DA:282,0
DA:294,0
DA:296,0
DA:297,0
DA:299,0
DA:300,0
DA:301,0
DA:303,0
DA:311,0
DA:312,0
DA:313,0
DA:315,0
DA:316,0
DA:318,0
DA:329,0
DA:332,0
DA:335,0
DA:336,0
DA:348,0
DA:351,0
DA:353,0
DA:355,0
DA:356,0
DA:378,0
DA:379,0
DA:380,0
DA:381,0
DA:382,0
DA:383,0
DA:384,0
DA:385,0
DA:386,0
DA:387,0
LF:136
LH:0
end_of_record
SF:lib/src/presentation/widgets/chat/voice_message_widget.dart
DA:42,0
DA:53,0
DA:54,0
DA:67,0
DA:69,0
DA:70,0
DA:75,0
DA:78,0
DA:79,0
DA:80,0
DA:81,0
DA:82,0
DA:84,0
DA:85,0
DA:86,0
DA:89,0
DA:90,0
DA:92,0
DA:93,0
DA:100,0
DA:102,0
DA:103,0
DA:104,0
DA:108,0
DA:110,0
DA:111,0
DA:112,0
DA:116,0
DA:122,0
DA:123,0
DA:126,0
DA:127,0
DA:129,0
DA:130,0
DA:135,0
DA:136,0
DA:138,0
DA:139,0
DA:140,0
DA:147,0
DA:148,0
DA:149,0
DA:151,0
DA:152,0
DA:156,0
DA:157,0
DA:161,0
DA:162,0
DA:166,0
DA:167,0
DA:168,0
DA:169,0
DA:173,0
DA:174,0
DA:175,0
DA:176,0
DA:182,0
DA:183,0
DA:184,0
DA:190,0
DA:192,0
DA:193,0
DA:194,0
DA:196,0
DA:198,0
DA:199,0
DA:201,0
DA:202,0
DA:203,0
DA:204,0
DA:206,0
DA:208,0
DA:209,0
DA:220,0
DA:222,0
DA:224,0
DA:225,0
DA:227,0
DA:228,0
DA:229,0
DA:230,0
DA:237,0
DA:239,0
DA:240,0
DA:241,0
DA:249,0
DA:250,0
DA:251,0
DA:252,0
DA:262,0
DA:263,0
DA:277,0
DA:278,0
DA:280,0
DA:282,0
DA:283,0
DA:284,0
DA:286,0
DA:287,0
DA:288,0
DA:290,0
DA:300,0
DA:301,0
DA:303,0
DA:304,0
DA:305,0
DA:307,0
DA:308,0
DA:309,0
DA:318,0
DA:323,0
DA:324,0
DA:325,0
DA:339,0
DA:340,0
DA:341,0
DA:343,0
DA:348,0
DA:349,0
DA:351,0
DA:352,0
DA:356,0
DA:358,0
DA:361,0
DA:362,0
DA:364,0
DA:365,0
DA:366,0
DA:367,0
DA:370,0
DA:372,0
DA:373,0
DA:375,0
DA:383,0
DA:384,0
DA:385,0
DA:387,0
DA:396,0
DA:397,0
DA:398,0
DA:399,0
DA:401,0
DA:403,0
DA:406,0
DA:407,0
DA:418,0
DA:419,0
DA:420,0
DA:421,0
DA:423,0
DA:434,0
DA:441,0
DA:443,0
DA:444,0
DA:445,0
DA:446,0
DA:448,0
DA:451,0
DA:452,0
DA:453,0
DA:454,0
DA:459,0
DA:460,0
DA:461,0
DA:462,0
DA:467,0
DA:468,0
DA:469,0
DA:470,0
DA:475,0
DA:477,0
DA:478,0
DA:479,0
LF:173
LH:0
end_of_record
SF:lib/src/presentation/widgets/chat/wechat_message_menu.dart
DA:52,0
DA:81,0
DA:83,0
DA:84,0
DA:86,0
DA:88,0
DA:89,0
DA:91,0
DA:92,0
DA:95,0
DA:96,0
DA:97,0
DA:98,0
DA:106,0
DA:107,0
DA:111,0
DA:114,0
DA:115,0
DA:118,0
DA:119,0
DA:123,0
DA:124,0
DA:129,0
DA:130,0
DA:131,0
DA:132,0
DA:133,0
DA:139,0
DA:142,0
DA:145,0
DA:146,0
DA:150,0
DA:152,0
DA:155,0
DA:156,0
DA:161,0
DA:166,0
DA:167,0
DA:169,0
DA:171,0
DA:172,0
DA:173,0
DA:174,0
DA:180,0
DA:182,0
DA:184,0
DA:187,0
DA:189,0
DA:193,0
DA:195,0
DA:198,0
DA:200,0
DA:201,0
DA:203,0
DA:204,0
DA:205,0
DA:206,0
DA:209,0
DA:210,0
DA:212,0
DA:213,0
DA:214,0
DA:215,0
DA:218,0
DA:219,0
DA:221,0
DA:222,0
DA:223,0
DA:224,0
DA:227,0
DA:228,0
DA:229,0
DA:230,0
DA:231,0
DA:232,0
DA:233,0
DA:237,0
DA:238,0
DA:240,0
DA:241,0
DA:242,0
DA:243,0
DA:247,0
DA:248,0
DA:250,0
DA:251,0
DA:252,0
DA:253,0
DA:257,0
DA:259,0
DA:260,0
DA:261,0
DA:262,0
DA:265,0
DA:267,0
DA:268,0
DA:269,0
DA:270,0
DA:278,0
DA:281,0
DA:285,0
DA:287,0
DA:290,0
DA:291,0
DA:293,0
DA:294,0
DA:295,0
DA:296,0
DA:300,0
DA:301,0
DA:303,0
DA:304,0
DA:305,0
DA:306,0
DA:310,0
DA:311,0
DA:313,0
DA:314,0
DA:315,0
DA:316,0
DA:320,0
DA:321,0
DA:323,0
DA:324,0
DA:325,0
DA:326,0
DA:330,0
DA:331,0
DA:333,0
DA:334,0
DA:335,0
DA:336,0
DA:340,0
DA:341,0
DA:342,0
DA:344,0
DA:346,0
DA:347,0
DA:348,0
DA:351,0
DA:353,0
DA:354,0
DA:355,0
DA:356,0
DA:359,0
DA:361,0
DA:362,0
DA:363,0
DA:364,0
DA:367,0
DA:369,0
DA:370,0
DA:371,0
DA:372,0
DA:384,0
DA:385,0
DA:387,0
DA:389,0
DA:390,0
DA:392,0
DA:399,0
DA:400,0
DA:402,0
DA:403,0
DA:404,0
DA:405,0
DA:406,0
DA:408,0
DA:409,0
DA:410,0
DA:411,0
DA:415,0
DA:425,0
DA:426,0
DA:427,0
DA:429,0
DA:430,0
DA:431,0
DA:433,0
DA:435,0
DA:438,0
DA:439,0
DA:440,0
DA:445,0
DA:446,0
DA:447,0
DA:448,0
DA:452,0
DA:453,0
DA:454,0
DA:467,0
DA:473,0
DA:475,0
DA:477,0
DA:478,0
DA:479,0
DA:480,0
DA:483,0
DA:485,0
DA:486,0
DA:492,0
DA:494,0
DA:508,0
DA:509,0
DA:512,0
DA:519,5
DA:521,0
DA:523,0
DA:527,0
DA:528,0
DA:530,0
DA:532,0
DA:534,0
DA:535,0
DA:537,0
DA:539,0
DA:541,0
DA:543,0
DA:545,0
DA:546,0
DA:547,0
DA:549,0
DA:555,0
DA:558,0
DA:560,0
DA:561,0
DA:566,0
DA:569,0
DA:570,0
DA:588,0
DA:589,0
DA:591,0
DA:593,0
DA:595,0
DA:596,0
DA:597,0
DA:598,0
DA:601,0
DA:602,0
DA:604,0
DA:626,0
DA:632,0
DA:634,0
DA:635,0
DA:636,0
DA:638,0
DA:639,0
DA:641,0
DA:644,0
DA:645,0
DA:646,0
DA:647,0
DA:648,0
DA:649,0
DA:654,0
DA:656,0
DA:657,0
DA:658,0
DA:659,0
DA:660,0
DA:677,0
DA:698,0
DA:701,0
DA:702,0
DA:705,0
DA:708,0
DA:711,0
DA:712,0
DA:717,0
DA:735,0
DA:739,0
DA:740,0
DA:741,0
DA:742,0
DA:747,0
DA:748,0
DA:749,0
DA:750,0
LF:278
LH:1
end_of_record
SF:lib/src/presentation/widgets/common/n42_app_bar.dart
DA:49,6
DA:65,1
DA:68,1
DA:70,1
DA:71,2
DA:73,1
DA:75,1
DA:78,1
DA:81,1
DA:82,1
DA:83,1
DA:87,1
DA:88,1
DA:89,1
DA:90,1
DA:91,1
DA:93,1
DA:102,1
DA:103,1
DA:105,1
DA:106,0
DA:107,0
DA:112,0
DA:119,1
DA:120,1
DA:122,1
DA:123,1
DA:124,1
DA:125,1
DA:147,0
DA:158,0
DA:160,0
DA:161,0
DA:163,0
DA:167,0
DA:168,0
DA:169,0
DA:171,0
DA:172,0
DA:173,0
DA:174,0
DA:181,0
DA:182,0
LF:43
LH:26
end_of_record
SF:lib/src/presentation/widgets/common/n42_badge.dart
DA:36,0
DA:49,0
DA:55,0
DA:65,0
DA:73,0
DA:75,0
DA:83,0
DA:85,0
DA:86,0
DA:89,0
DA:91,0
DA:92,0
DA:93,0
DA:94,0
DA:95,0
DA:96,0
DA:97,0
DA:98,0
DA:104,0
DA:105,0
DA:106,0
DA:108,0
DA:111,0
DA:112,0
DA:115,0
DA:116,0
DA:122,0
DA:125,0
DA:127,0
DA:128,0
DA:130,0
DA:133,0
DA:135,0
DA:136,0
DA:144,0
DA:145,0
DA:146,0
DA:149,0
DA:150,0
DA:171,5
DA:208,5
DA:214,0
DA:216,0
DA:218,0
DA:219,0
LF:45
LH:2
end_of_record
SF:lib/src/presentation/widgets/common/n42_bottom_nav_bar.dart
DA:32,0
DA:43,0
DA:44,0
DA:48,0
DA:50,0
DA:54,0
DA:56,0
DA:60,0
DA:69,0
DA:71,0
DA:72,0
DA:74,0
DA:75,0
DA:77,0
DA:78,0
DA:84,0
DA:86,0
DA:89,0
DA:90,0
DA:91,0
DA:92,0
DA:94,0
DA:106,0
DA:112,0
DA:117,0
DA:118,0
DA:120,0
DA:122,0
DA:124,0
DA:125,0
DA:126,0
DA:127,0
DA:128,0
DA:129,0
DA:136,0
DA:137,0
DA:138,0
DA:167,5
LF:38
LH:1
end_of_record
SF:lib/src/presentation/widgets/common/n42_button.dart
DA:47,0
DA:63,0
DA:72,0
DA:85,0
DA:94,0
DA:107,0
DA:116,0
DA:130,0
DA:139,0
DA:151,0
DA:153,0
DA:154,0
DA:155,0
DA:156,0
DA:158,0
DA:159,0
DA:161,0
DA:165,0
DA:171,0
DA:172,0
DA:173,0
DA:174,0
DA:175,0
DA:176,0
DA:177,0
DA:178,0
DA:179,0
DA:183,0
DA:184,0
DA:186,0
DA:187,0
DA:188,0
DA:190,0
DA:191,0
DA:192,0
DA:193,0
DA:196,0
DA:198,0
DA:202,0
DA:203,0
DA:205,0
DA:206,0
DA:207,0
DA:209,0
DA:210,0
DA:213,0
DA:214,0
DA:216,0
DA:218,0
DA:222,0
DA:223,0
DA:225,0
DA:226,0
DA:227,0
DA:229,0
DA:231,0
DA:235,0
DA:236,0
DA:237,0
DA:238,0
DA:240,0
DA:242,0
DA:243,0
DA:246,0
DA:248,0
DA:252,0
DA:253,0
DA:254,0
DA:257,0
DA:259,0
DA:264,0
DA:265,0
DA:267,0
DA:268,0
DA:270,0
DA:271,0
DA:272,0
DA:281,0
DA:282,0
DA:283,0
DA:290,0
DA:291,0
DA:292,0
DA:294,0
DA:296,0
DA:301,0
DA:302,0
DA:303,0
DA:305,0
DA:307,0
DA:312,0
DA:313,0
DA:314,0
DA:316,0
DA:318,0
DA:360,0
DA:370,0
DA:372,0
DA:373,0
DA:374,0
DA:375,0
DA:376,0
DA:377,0
DA:378,0
DA:383,0
DA:384,0
DA:385,0
LF:107
LH:0
end_of_record
SF:lib/src/presentation/widgets/common/n42_list_tile.dart
DA:63,0
DA:83,0
DA:85,0
DA:86,0
DA:87,0
DA:91,0
DA:93,0
DA:94,0
DA:96,0
DA:97,0
DA:98,0
DA:99,0
DA:100,0
DA:102,0
DA:103,0
DA:105,0
DA:109,0
DA:110,0
DA:114,0
DA:120,0
DA:121,0
DA:122,0
DA:130,0
DA:131,0
DA:133,0
DA:134,0
DA:135,0
DA:140,0
DA:141,0
DA:144,0
DA:146,0
DA:147,0
DA:148,0
DA:149,0
DA:150,0
DA:153,0
DA:160,0
DA:162,0
DA:163,0
DA:174,0
DA:176,0
DA:177,0
DA:178,0
DA:182,0
DA:183,0
DA:184,0
DA:200,0
DA:201,0
DA:204,0
DA:205,0
DA:207,0
DA:216,0
DA:217,0
DA:261,0
DA:276,0
DA:278,0
DA:280,0
DA:282,0
DA:283,0
DA:285,0
DA:286,0
DA:287,0
DA:289,0
DA:290,0
DA:292,0
DA:293,0
DA:298,0
DA:299,0
DA:301,0
DA:302,0
DA:303,0
DA:304,0
DA:311,0
DA:313,0
DA:314,0
DA:326,0
DA:332,0
DA:333,0
DA:334,0
DA:342,0
DA:343,0
DA:346,0
DA:347,0
DA:348,0
DA:350,0
DA:351,0
DA:358,0
DA:359,0
DA:360,0
DA:361,0
DA:362,0
DA:367,0
DA:369,0
DA:370,0
DA:371,0
DA:372,0
DA:378,0
LF:97
LH:0
end_of_record
SF:lib/src/presentation/widgets/common/n42_search_bar.dart
DA:54,0
DA:71,0
DA:72,0
DA:81,0
DA:83,0
DA:84,0
DA:85,0
DA:86,0
DA:88,0
DA:89,0
DA:92,0
DA:94,0
DA:95,0
DA:97,0
DA:98,0
DA:100,0
DA:103,0
DA:104,0
DA:105,0
DA:107,0
DA:110,0
DA:111,0
DA:112,0
DA:116,0
DA:117,0
DA:118,0
DA:121,0
DA:122,0
DA:123,0
DA:124,0
DA:127,0
DA:129,0
DA:130,0
DA:133,0
DA:134,0
DA:135,0
DA:136,0
DA:137,0
DA:138,0
DA:140,0
DA:142,0
DA:144,0
DA:145,0
DA:146,0
DA:150,0
DA:152,0
DA:153,0
DA:154,0
DA:155,0
DA:156,0
DA:167,0
DA:168,0
DA:169,0
DA:171,0
DA:178,0
DA:189,0
DA:190,0
DA:191,0
DA:192,0
DA:193,0
DA:194,0
DA:195,0
DA:197,0
DA:198,0
DA:202,0
DA:217,0
DA:218,0
DA:219,0
DA:243,0
DA:249,0
DA:251,0
DA:253,0
DA:255,0
DA:256,0
LF:74
LH:0
end_of_record
SF:lib/src/presentation/widgets/story/story_ring.dart
DA:50,0
DA:62,0
DA:64,0
DA:65,0
DA:67,0
DA:68,0
DA:69,0
DA:72,0
DA:74,0
DA:76,0
DA:77,0
DA:78,0
DA:79,0
DA:80,0
DA:81,0
DA:86,0
DA:87,0
DA:88,0
DA:89,0
DA:90,0
DA:113,0
DA:120,0
DA:122,0
DA:123,0
DA:125,0
DA:127,0
DA:128,0
DA:129,0
DA:130,0
DA:131,0
DA:133,0
DA:134,0
DA:136,0
DA:139,0
DA:144,0
DA:145,0
DA:154,0
DA:155,0
DA:156,0
DA:157,0
DA:158,0
DA:160,0
DA:164,0
DA:165,0
DA:170,0
DA:172,0
DA:181,0
DA:182,0
DA:183,0
DA:184,0
DA:185,0
DA:187,0
DA:188,0
DA:195,0
DA:199,0
DA:201,0
DA:202,0
DA:203,0
DA:204,0
LF:59
LH:0
end_of_record
SF:lib/src/services/voip/call_notification_service.dart
DA:35,0
DA:45,0
DA:46,0
DA:47,0
DA:48,0
DA:49,0
DA:50,0
DA:51,0
DA:52,0
DA:53,0
DA:60,3
DA:61,2
DA:65,1
DA:66,3
DA:67,2
DA:74,0
DA:80,0
DA:89,0
DA:90,0
DA:91,0
DA:92,0
DA:93,0
DA:95,0
DA:96,0
DA:103,0
DA:104,0
DA:108,0
DA:111,0
DA:112,0
DA:114,0
DA:117,0
DA:119,0
DA:120,0
DA:121,0
DA:122,0
DA:124,0
DA:125,0
DA:126,0
DA:127,0
DA:128,0
DA:129,0
DA:130,0
DA:131,0
DA:132,0
DA:133,0
DA:134,0
DA:135,0
DA:136,0
DA:137,0
DA:138,0
DA:139,0
DA:140,0
DA:141,0
DA:142,0
DA:147,0
DA:163,0
DA:164,0
DA:166,0
DA:175,0
DA:181,0
DA:182,0
DA:183,0
DA:184,0
DA:185,0
DA:187,0
DA:188,0
DA:190,0
DA:220,0
DA:222,0
DA:228,0
DA:235,0
DA:236,0
DA:238,0
DA:245,0
DA:265,0
DA:267,0
DA:273,0
DA:274,0
DA:275,0
DA:279,0
DA:280,0
DA:281,0
DA:282,0
DA:286,1
DA:287,1
DA:288,1
DA:289,2
DA:293,1
DA:294,1
DA:295,1
DA:299,0
DA:305,0
DA:319,0
DA:320,0
DA:325,0
DA:333,0
DA:334,0
DA:338,0
DA:340,0
DA:344,0
DA:345,0
LF:101
LH:12
end_of_record
SF:lib/src/core/services/self_destruct_service.dart
DA:18,0
DA:19,0
DA:23,1
DA:26,1
DA:27,1
DA:36,0
DA:37,0
DA:38,0
DA:39,0
DA:40,0
DA:44,1
DA:45,1
DA:46,4
DA:63,4
DA:66,1
DA:67,2
DA:68,4
DA:69,1
DA:73,1
DA:74,2
DA:78,1
DA:79,2
DA:83,0
DA:84,0
DA:88,0
DA:89,0
DA:95,1
DA:96,1
DA:97,4
DA:102,3
DA:103,3
DA:107,1
DA:109,1
DA:111,3
DA:114,1
DA:116,1
DA:118,1
DA:121,1
DA:124,1
DA:131,1
DA:133,3
DA:136,3
DA:137,1
DA:140,4
DA:142,0
DA:144,0
DA:145,0
DA:146,0
DA:149,0
DA:151,0
DA:153,0
DA:157,0
DA:158,0
DA:159,0
DA:164,3
DA:169,1
DA:170,4
DA:173,3
DA:174,3
DA:175,3
DA:178,3
DA:180,3
DA:182,0
DA:186,1
DA:190,1
DA:191,3
DA:192,2
DA:193,2
DA:194,1
DA:198,1
DA:199,2
DA:200,5
DA:201,3
DA:202,1
DA:204,2
DA:205,1
DA:210,1
DA:211,2
DA:212,1
DA:216,1
DA:217,2
DA:221,1
DA:222,1
DA:224,1
DA:228,1
DA:229,1
DA:230,1
DA:231,1
DA:232,1
DA:233,1
DA:234,3
DA:235,1
DA:236,1
DA:237,2
DA:238,3
DA:240,1
DA:241,2
DA:242,3
DA:247,1
DA:248,3
DA:249,1
DA:251,2
DA:252,2
DA:253,1
DA:256,1
DA:258,1
DA:259,2
DA:260,2
DA:261,1
DA:273,1
DA:291,1
DA:293,4
DA:295,3
DA:301,1
DA:302,1
DA:303,1
DA:304,1
LF:117
LH:95
end_of_record
SF:lib/src/domain/entities/favorite_entity.dart
DA:70,1
DA:88,1
DA:89,1
DA:90,1
DA:91,1
DA:92,1
DA:93,1
DA:94,1
DA:95,1
DA:96,1
DA:97,1
DA:98,1
DA:99,1
DA:100,1
DA:101,1
DA:102,1
DA:103,1
DA:104,1
DA:107,1
DA:124,1
DA:125,1
DA:126,1
DA:127,1
DA:128,1
DA:129,1
DA:130,1
DA:131,1
DA:132,1
DA:133,1
DA:134,1
DA:135,1
DA:136,1
DA:137,1
DA:138,1
DA:139,1
DA:144,1
DA:145,1
DA:146,1
DA:147,1
DA:148,4
DA:149,1
DA:151,1
DA:152,1
DA:153,1
DA:154,1
DA:155,1
DA:156,1
DA:157,1
DA:158,1
DA:159,1
DA:160,1
DA:161,2
DA:162,3
DA:163,1
DA:168,1
DA:169,1
DA:170,1
DA:171,2
DA:172,1
DA:173,1
DA:174,1
DA:175,1
DA:176,1
DA:177,1
DA:178,1
DA:179,1
DA:180,1
DA:181,1
DA:182,2
DA:183,1
DA:184,1
DA:189,1
DA:190,1
DA:191,1
DA:193,1
DA:195,1
DA:197,1
DA:199,1
DA:201,1
DA:203,1
DA:205,1
DA:211,1
DA:212,1
DA:213,1
DA:215,1
DA:217,1
DA:219,1
DA:221,1
DA:223,1
DA:225,1
DA:227,1
DA:274,2
DA:290,1
DA:291,1
DA:292,1
DA:293,1
DA:294,1
DA:295,1
DA:296,1
DA:297,1
DA:298,1
DA:299,1
DA:300,1
DA:301,1
DA:302,1
DA:303,1
DA:304,1
DA:308,6
DA:311,6
DA:312,8
DA:315,8
DA:318,1
DA:319,1
DA:320,1
DA:321,1
DA:322,1
DA:323,1
DA:324,1
DA:325,1
DA:326,4
DA:327,0
DA:329,1
DA:330,1
DA:331,1
DA:332,4
DA:333,0
DA:335,1
DA:336,1
DA:337,2
DA:338,1
DA:339,0
DA:345,1
DA:346,1
DA:347,1
DA:348,1
DA:349,1
DA:350,1
DA:351,1
DA:352,2
DA:353,1
DA:354,1
DA:355,2
DA:356,1
DA:357,1
DA:358,2
DA:359,1
LF:146
LH:143
end_of_record
SF:lib/src/domain/entities/privacy_settings_entity.dart
DA:51,1
DA:102,1
DA:103,1
DA:104,1
DA:105,1
DA:106,1
DA:109,1
DA:110,1
DA:111,1
DA:112,1
DA:113,1
DA:115,1
DA:116,1
DA:117,1
DA:118,1
DA:119,1
DA:120,1
DA:121,1
DA:122,1
DA:123,1
DA:124,1
DA:125,1
DA:126,1
DA:127,1
DA:128,1
DA:131,1
DA:145,1
DA:146,1
DA:147,1
DA:148,1
DA:149,1
DA:150,1
DA:151,1
DA:152,1
DA:153,1
DA:154,1
DA:155,1
DA:156,1
DA:157,1
DA:162,1
DA:163,1
DA:164,1
DA:165,1
DA:166,1
DA:167,1
DA:168,2
DA:169,2
DA:170,2
DA:171,2
DA:172,2
DA:173,1
DA:174,1
DA:175,1
DA:180,1
DA:181,1
DA:182,1
DA:183,1
DA:184,1
DA:185,1
DA:186,2
DA:187,2
DA:188,2
DA:189,2
DA:190,2
DA:191,1
DA:192,1
DA:193,1
DA:197,1
DA:199,1
DA:200,1
DA:201,1
DA:202,3
DA:203,1
DA:225,1
DA:227,1
DA:229,1
DA:231,1
DA:237,0
DA:239,0
DA:241,0
DA:243,0
DA:249,1
DA:251,1
DA:253,1
DA:255,1
LF:85
LH:81
end_of_record
SF:lib/src/domain/entities/thread_entity.dart
DA:24,1
DA:33,3
DA:36,3
DA:39,3
DA:42,1
DA:43,4
DA:45,1
DA:46,1
DA:47,1
DA:48,1
DA:49,1
DA:50,1
DA:51,1
DA:54,1
DA:61,1
DA:62,1
DA:63,1
DA:64,1
DA:65,1
DA:66,1
LF:20
LH:20
end_of_record
SF:lib/src/presentation/widgets/animations/scale_animation.dart
DA:23,0
DA:33,0
DA:34,0
DA:42,0
DA:44,0
DA:45,0
DA:47,0
DA:50,0
DA:51,0
DA:53,0
DA:54,0
DA:55,0
DA:58,0
DA:59,0
DA:60,0
DA:62,0
DA:63,0
DA:69,0
DA:71,0
DA:72,0
DA:75,0
DA:77,0
DA:78,0
DA:79,0
DA:98,0
DA:106,0
DA:107,0
DA:115,0
DA:117,0
DA:118,0
DA:120,0
DA:123,0
DA:124,0
DA:125,0
DA:128,0
DA:129,0
DA:132,0
DA:133,0
DA:136,0
DA:137,0
DA:141,0
DA:142,0
DA:143,0
DA:145,0
DA:146,0
DA:152,0
DA:154,0
DA:155,0
DA:158,0
DA:160,0
DA:161,0
DA:162,0
DA:184,0
DA:193,0
DA:194,0
DA:202,0
DA:204,0
DA:205,0
DA:207,0
DA:210,0
DA:212,0
DA:213,0
DA:214,0
DA:219,0
DA:221,0
DA:222,0
DA:225,0
DA:226,0
DA:229,0
DA:230,0
DA:233,0
DA:234,0
DA:237,0
DA:239,0
DA:240,0
DA:241,0
DA:242,0
DA:243,0
DA:244,0
DA:245,0
DA:246,0
DA:247,0
DA:267,0
DA:275,0
DA:276,0
DA:284,0
DA:286,0
DA:287,0
DA:289,0
DA:292,0
DA:293,0
DA:294,0
DA:297,0
DA:298,0
DA:301,0
DA:302,0
DA:305,0
DA:306,0
DA:309,0
DA:310,0
DA:314,0
DA:315,0
DA:319,0
DA:321,0
DA:322,0
DA:323,0
DA:324,0
DA:326,0
DA:327,0
DA:332,0
DA:334,0
DA:335,0
DA:338,0
DA:340,0
DA:341,0
DA:342,0
LF:116
LH:0
end_of_record
SF:lib/src/presentation/widgets/animations/slide_animation.dart
DA:20,0
DA:29,0
DA:30,0
DA:38,0
DA:39,0
DA:40,0
DA:43,0
DA:45,0
DA:46,0
DA:52,0
DA:54,0
DA:55,0
DA:58,0
DA:59,0
DA:60,0
DA:64,0
DA:65,0
DA:67,0
DA:68,0
DA:72,0
DA:73,0
DA:78,0
DA:79,0
DA:80,0
DA:84,0
DA:86,0
DA:87,0
DA:88,0
DA:89,0
DA:90,0
DA:92,0
DA:93,0
DA:95,0
DA:97,0
DA:98,0
DA:101,0
DA:102,0
DA:104,0
DA:106,0
DA:107,0
DA:108,0
DA:116,0
DA:117,0
DA:118,0
DA:125,0
DA:126,0
DA:127,0
DA:128,0
DA:129,0
DA:131,0
DA:133,0
DA:134,0
DA:136,0
DA:137,0
DA:138,0
DA:139,0
DA:140,0
DA:143,0
DA:145,0
DA:146,0
DA:147,0
DA:149,0
DA:168,0
DA:188,0
DA:195,0
DA:197,0
DA:199,0
DA:200,0
DA:201,0
DA:202,0
DA:207,0
DA:208,0
DA:209,0
DA:210,0
DA:211,0
DA:212,0
DA:215,0
DA:218,0
DA:224,0
DA:232,0
DA:238,0
LF:81
LH:0
end_of_record
